
*** Running vivado
    with args -log new_top.vds -m64 -product Vivado -mode batch -messageDb vivado.pb -notrace -source new_top.tcl


ECHO is off.
ECHO is off.

****** Vivado v2023.2 (64-bit)
  **** SW Build 4029153 on Fri Oct 13 20:14:34 MDT 2023
  **** IP Build 4028589 on Sat Oct 14 00:45:43 MDT 2023
  **** SharedData Build 4025554 on Tue Oct 10 17:18:54 MDT 2023
    ** Copyright 1986-2022 Xilinx, Inc. All Rights Reserved.
    ** Copyright 2022-2023 Advanced Micro Devices, Inc. All Rights Reserved.

source new_top.tcl -notrace
create_project: Time (s): cpu = 00:00:04 ; elapsed = 00:00:05 . Memory (MB): peak = 487.137 ; gain = 182.242
INFO: [IP_Flow 19-234] Refreshing IP repositories
INFO: [IP_Flow 19-1704] No user IP repositories specified
INFO: [IP_Flow 19-2313] Loaded Vivado IP repository 'D:/Xilinx/Vivado/2023.2/data/ip'.
Command: read_checkpoint -auto_incremental -incremental C:/Users/XTYAO/Desktop/551Final/EC551Project/LASTONE/LASTONE.srcs/utils_1/imports/synth_1/new_top.dcp
INFO: [Vivado 12-5825] Read reference checkpoint from C:/Users/XTYAO/Desktop/551Final/EC551Project/LASTONE/LASTONE.srcs/utils_1/imports/synth_1/new_top.dcp for incremental synthesis
INFO: [Vivado 12-7989] Please ensure there are no constraint changes
Command: synth_design -top new_top -part xc7a100tcsg324-1
Starting synth_design
Attempting to get a license for feature 'Synthesis' and/or device 'xc7a100t'
INFO: [Common 17-349] Got license for feature 'Synthesis' and/or device 'xc7a100t'
INFO: [Device 21-403] Loading part xc7a100tcsg324-1
INFO: [Designutils 20-5440] No compile time benefit to using incremental synthesis; A full resynthesis will be run
INFO: [Designutils 20-4379] Flow is switching to default flow due to incremental criteria not met. If you would like to alter this behaviour and have the flow terminate instead, please set the following parameter config_implementation {autoIncr.Synth.RejectBehavior Terminate}
INFO: [Synth 8-7079] Multithreading enabled for synth_design using a maximum of 2 processes.
INFO: [Synth 8-7078] Launching helper process for spawning children vivado processes
INFO: [Synth 8-7075] Helper process launched with PID 38176
---------------------------------------------------------------------------------
Starting RTL Elaboration : Time (s): cpu = 00:00:05 ; elapsed = 00:00:07 . Memory (MB): peak = 1347.809 ; gain = 440.375
---------------------------------------------------------------------------------
WARNING: [Synth 8-11121] redeclaration of ANSI port 'sobelready' is not allowed [C:/Users/XTYAO/Desktop/551Final/EC551Project/LASTONE/new_top.v:92]
INFO: [Synth 8-6157] synthesizing module 'new_top' [C:/Users/XTYAO/Desktop/551Final/EC551Project/LASTONE/new_top.v:23]
INFO: [Synth 8-6157] synthesizing module 'uart_receiver' [C:/Users/XTYAO/Desktop/551Final/EC551Project/LASTONE/uart_receiver.v:23]
	Parameter BAUD_VAL bound to: 87 - type: integer 
INFO: [Synth 8-6155] done synthesizing module 'uart_receiver' (0#1) [C:/Users/XTYAO/Desktop/551Final/EC551Project/LASTONE/uart_receiver.v:23]
WARNING: [Synth 8-7071] port 'state' of module 'uart_receiver' is unconnected for instance 'recv' [C:/Users/XTYAO/Desktop/551Final/EC551Project/LASTONE/new_top.v:57]
WARNING: [Synth 8-7023] instance 'recv' of module 'uart_receiver' has 6 connections declared, but only 5 given [C:/Users/XTYAO/Desktop/551Final/EC551Project/LASTONE/new_top.v:57]
INFO: [Synth 8-6157] synthesizing module 'parse_v2' [C:/Users/XTYAO/Desktop/551Final/EC551Project/LASTONE/parse.v:6]
INFO: [Synth 8-6155] done synthesizing module 'parse_v2' (0#1) [C:/Users/XTYAO/Desktop/551Final/EC551Project/LASTONE/parse.v:6]
INFO: [Synth 8-6157] synthesizing module 'rgb2gray' [C:/Users/XTYAO/Desktop/551Final/EC551Project/LASTONE/rgb2gray.v:3]
INFO: [Synth 8-6155] done synthesizing module 'rgb2gray' (0#1) [C:/Users/XTYAO/Desktop/551Final/EC551Project/LASTONE/rgb2gray.v:3]
INFO: [Synth 8-6157] synthesizing module 'block_ram' [C:/Users/XTYAO/Desktop/551Final/EC551Project/LASTONE/Block_Rom.v:23]
INFO: [Synth 8-6157] synthesizing module 'BRAM' [c:/Users/XTYAO/Desktop/551Final/EC551Project/LASTONE/LASTONE.gen/sources_1/bd/BRAM/synth/BRAM.v:13]
INFO: [Synth 8-6157] synthesizing module 'BRAM_blk_mem_gen_0_0' [C:/Users/XTYAO/Desktop/551Final/EC551Project/LASTONE/LASTONE.runs/synth_1/.Xil/Vivado-39520-Adelia-laptop/realtime/BRAM_blk_mem_gen_0_0_stub.v:6]
INFO: [Synth 8-6155] done synthesizing module 'BRAM_blk_mem_gen_0_0' (0#1) [C:/Users/XTYAO/Desktop/551Final/EC551Project/LASTONE/LASTONE.runs/synth_1/.Xil/Vivado-39520-Adelia-laptop/realtime/BRAM_blk_mem_gen_0_0_stub.v:6]
INFO: [Synth 8-6155] done synthesizing module 'BRAM' (0#1) [c:/Users/XTYAO/Desktop/551Final/EC551Project/LASTONE/LASTONE.gen/sources_1/bd/BRAM/synth/BRAM.v:13]
INFO: [Synth 8-6155] done synthesizing module 'block_ram' (0#1) [C:/Users/XTYAO/Desktop/551Final/EC551Project/LASTONE/Block_Rom.v:23]
INFO: [Synth 8-6157] synthesizing module 'sobel_v3' [C:/Users/XTYAO/Desktop/551Final/EC551Project/LASTONE/sobel.v:3]
INFO: [Synth 8-6155] done synthesizing module 'sobel_v3' (0#1) [C:/Users/XTYAO/Desktop/551Final/EC551Project/LASTONE/sobel.v:3]
INFO: [Synth 8-6157] synthesizing module 'VGA' [C:/Users/XTYAO/Desktop/551Final/EC551Project/LASTONE/VGA.v:2]
INFO: [Synth 8-6155] done synthesizing module 'VGA' (0#1) [C:/Users/XTYAO/Desktop/551Final/EC551Project/LASTONE/VGA.v:2]
WARNING: [Synth 8-689] width (16) of port connection 'Hread' does not match port width (10) of module 'VGA' [C:/Users/XTYAO/Desktop/551Final/EC551Project/LASTONE/new_top.v:158]
WARNING: [Synth 8-689] width (16) of port connection 'Wread' does not match port width (10) of module 'VGA' [C:/Users/XTYAO/Desktop/551Final/EC551Project/LASTONE/new_top.v:159]
INFO: [Synth 8-6157] synthesizing module 'uart_transmitter' [C:/Users/XTYAO/Desktop/551Final/EC551Project/LASTONE/uart_transmitter.v:23]
	Parameter BAUD_VAL bound to: 87 - type: integer 
INFO: [Synth 8-6155] done synthesizing module 'uart_transmitter' (0#1) [C:/Users/XTYAO/Desktop/551Final/EC551Project/LASTONE/uart_transmitter.v:23]
INFO: [Synth 8-6155] done synthesizing module 'new_top' (0#1) [C:/Users/XTYAO/Desktop/551Final/EC551Project/LASTONE/new_top.v:23]
WARNING: [Synth 8-6014] Unused sequential element next_state_reg was removed.  [C:/Users/XTYAO/Desktop/551Final/EC551Project/LASTONE/uart_receiver.v:44]
WARNING: [Synth 8-6014] Unused sequential element count2_reg was removed.  [C:/Users/XTYAO/Desktop/551Final/EC551Project/LASTONE/Block_Rom.v:118]
WARNING: [Synth 8-6014] Unused sequential element count_reg was removed.  [C:/Users/XTYAO/Desktop/551Final/EC551Project/LASTONE/Block_Rom.v:150]
WARNING: [Synth 8-3848] Net BRAM_PORTB_0_dout in module/entity block_ram does not have driver. [C:/Users/XTYAO/Desktop/551Final/EC551Project/LASTONE/Block_Rom.v:52]
WARNING: [Synth 8-6014] Unused sequential element first_time_reg was removed.  [C:/Users/XTYAO/Desktop/551Final/EC551Project/LASTONE/sobel.v:40]
WARNING: [Synth 8-6014] Unused sequential element count_reg was removed.  [C:/Users/XTYAO/Desktop/551Final/EC551Project/LASTONE/sobel.v:44]
WARNING: [Synth 8-6014] Unused sequential element final_reg was removed.  [C:/Users/XTYAO/Desktop/551Final/EC551Project/LASTONE/sobel.v:45]
WARNING: [Synth 8-6014] Unused sequential element data_reg[0][3] was removed.  [C:/Users/XTYAO/Desktop/551Final/EC551Project/LASTONE/sobel.v:92]
WARNING: [Synth 8-6014] Unused sequential element data_reg[1][1] was removed.  [C:/Users/XTYAO/Desktop/551Final/EC551Project/LASTONE/sobel.v:92]
WARNING: [Synth 8-6014] Unused sequential element data_reg[1][3] was removed.  [C:/Users/XTYAO/Desktop/551Final/EC551Project/LASTONE/sobel.v:92]
WARNING: [Synth 8-6014] Unused sequential element data_reg[2][2] was removed.  [C:/Users/XTYAO/Desktop/551Final/EC551Project/LASTONE/sobel.v:92]
WARNING: [Synth 8-6014] Unused sequential element data_reg[2][3] was removed.  [C:/Users/XTYAO/Desktop/551Final/EC551Project/LASTONE/sobel.v:92]
WARNING: [Synth 8-6014] Unused sequential element data_reg[3][0] was removed.  [C:/Users/XTYAO/Desktop/551Final/EC551Project/LASTONE/sobel.v:92]
WARNING: [Synth 8-6014] Unused sequential element data_reg[3][1] was removed.  [C:/Users/XTYAO/Desktop/551Final/EC551Project/LASTONE/sobel.v:92]
WARNING: [Synth 8-6014] Unused sequential element data_reg[3][2] was removed.  [C:/Users/XTYAO/Desktop/551Final/EC551Project/LASTONE/sobel.v:92]
WARNING: [Synth 8-6014] Unused sequential element data_reg[3][3] was removed.  [C:/Users/XTYAO/Desktop/551Final/EC551Project/LASTONE/sobel.v:92]
WARNING: [Synth 8-6014] Unused sequential element next_state_reg was removed.  [C:/Users/XTYAO/Desktop/551Final/EC551Project/LASTONE/uart_transmitter.v:46]
WARNING: [Synth 8-3848] Net dimension_light in module/entity new_top does not have driver. [C:/Users/XTYAO/Desktop/551Final/EC551Project/LASTONE/new_top.v:31]
WARNING: [Synth 8-3848] Net reset_light in module/entity new_top does not have driver. [C:/Users/XTYAO/Desktop/551Final/EC551Project/LASTONE/new_top.v:32]
WARNING: [Synth 8-3848] Net loaded_light in module/entity new_top does not have driver. [C:/Users/XTYAO/Desktop/551Final/EC551Project/LASTONE/new_top.v:33]
WARNING: [Synth 8-3848] Net height_light in module/entity new_top does not have driver. [C:/Users/XTYAO/Desktop/551Final/EC551Project/LASTONE/new_top.v:38]
WARNING: [Synth 8-7129] Port H[15] in module block_ram is either unconnected or has no load
WARNING: [Synth 8-7129] Port H[14] in module block_ram is either unconnected or has no load
WARNING: [Synth 8-7129] Port H[13] in module block_ram is either unconnected or has no load
WARNING: [Synth 8-7129] Port H[12] in module block_ram is either unconnected or has no load
WARNING: [Synth 8-7129] Port H[11] in module block_ram is either unconnected or has no load
WARNING: [Synth 8-7129] Port H[10] in module block_ram is either unconnected or has no load
WARNING: [Synth 8-7129] Port H[9] in module block_ram is either unconnected or has no load
WARNING: [Synth 8-7129] Port H[8] in module block_ram is either unconnected or has no load
WARNING: [Synth 8-7129] Port H[7] in module block_ram is either unconnected or has no load
WARNING: [Synth 8-7129] Port H[6] in module block_ram is either unconnected or has no load
WARNING: [Synth 8-7129] Port H[5] in module block_ram is either unconnected or has no load
WARNING: [Synth 8-7129] Port H[4] in module block_ram is either unconnected or has no load
WARNING: [Synth 8-7129] Port H[3] in module block_ram is either unconnected or has no load
WARNING: [Synth 8-7129] Port H[2] in module block_ram is either unconnected or has no load
WARNING: [Synth 8-7129] Port H[1] in module block_ram is either unconnected or has no load
WARNING: [Synth 8-7129] Port H[0] in module block_ram is either unconnected or has no load
WARNING: [Synth 8-7129] Port dimension_light in module new_top is either unconnected or has no load
WARNING: [Synth 8-7129] Port reset_light in module new_top is either unconnected or has no load
WARNING: [Synth 8-7129] Port loaded_light in module new_top is either unconnected or has no load
WARNING: [Synth 8-7129] Port height_light[1] in module new_top is either unconnected or has no load
WARNING: [Synth 8-7129] Port height_light[0] in module new_top is either unconnected or has no load
---------------------------------------------------------------------------------
Finished RTL Elaboration : Time (s): cpu = 00:00:05 ; elapsed = 00:00:09 . Memory (MB): peak = 1467.668 ; gain = 560.234
---------------------------------------------------------------------------------
---------------------------------------------------------------------------------
Start Handling Custom Attributes
---------------------------------------------------------------------------------
---------------------------------------------------------------------------------
Finished Handling Custom Attributes : Time (s): cpu = 00:00:05 ; elapsed = 00:00:09 . Memory (MB): peak = 1467.668 ; gain = 560.234
---------------------------------------------------------------------------------
---------------------------------------------------------------------------------
Finished RTL Optimization Phase 1 : Time (s): cpu = 00:00:05 ; elapsed = 00:00:09 . Memory (MB): peak = 1467.668 ; gain = 560.234
---------------------------------------------------------------------------------
Netlist sorting complete. Time (s): cpu = 00:00:00 ; elapsed = 00:00:00.017 . Memory (MB): peak = 1467.668 ; gain = 0.000
INFO: [Project 1-570] Preparing netlist for logic optimization

Processing XDC Constraints
Initializing timing engine
Parsing XDC File [c:/Users/XTYAO/Desktop/551Final/EC551Project/LASTONE/LASTONE.gen/sources_1/bd/BRAM/ip/BRAM_blk_mem_gen_0_0_2/BRAM_blk_mem_gen_0_0/BRAM_blk_mem_gen_0_0_in_context.xdc] for cell 'Block_Rom/BRAM/blk_mem_gen_0'
Finished Parsing XDC File [c:/Users/XTYAO/Desktop/551Final/EC551Project/LASTONE/LASTONE.gen/sources_1/bd/BRAM/ip/BRAM_blk_mem_gen_0_0_2/BRAM_blk_mem_gen_0_0/BRAM_blk_mem_gen_0_0_in_context.xdc] for cell 'Block_Rom/BRAM/blk_mem_gen_0'
Parsing XDC File [C:/Users/XTYAO/Desktop/551Final/EC551Project/LASTONE/LASTONE.srcs/constrs_1/new/constraint.xdc]
Finished Parsing XDC File [C:/Users/XTYAO/Desktop/551Final/EC551Project/LASTONE/LASTONE.srcs/constrs_1/new/constraint.xdc]
INFO: [Project 1-236] Implementation specific constraints were found while reading constraint file [C:/Users/XTYAO/Desktop/551Final/EC551Project/LASTONE/LASTONE.srcs/constrs_1/new/constraint.xdc]. These constraints will be ignored for synthesis but will be used in implementation. Impacted constraints are listed in the file [.Xil/new_top_propImpl.xdc].
Resolution: To avoid this warning, move constraints listed in [.Xil/new_top_propImpl.xdc] to another XDC file and exclude this new file from synthesis with the used_in_synthesis property (File Properties dialog in GUI) and re-run elaboration/synthesis.
Parsing XDC File [C:/Users/XTYAO/Desktop/551Final/EC551Project/LASTONE/LASTONE.runs/synth_1/dont_touch.xdc]
Finished Parsing XDC File [C:/Users/XTYAO/Desktop/551Final/EC551Project/LASTONE/LASTONE.runs/synth_1/dont_touch.xdc]
Completed Processing XDC Constraints

Netlist sorting complete. Time (s): cpu = 00:00:00 ; elapsed = 00:00:00 . Memory (MB): peak = 1575.289 ; gain = 0.000
INFO: [Project 1-111] Unisim Transformation Summary:
No Unisim elements were transformed.

The system cannot find the path specified.
Constraint Validation Runtime : Time (s): cpu = 00:00:00 ; elapsed = 00:00:00.009 . Memory (MB): peak = 1575.289 ; gain = 0.000
WARNING: [Timing 38-316] Clock period '20.000' specified during out-of-context synthesis of instance 'Block_Rom/BRAM/blk_mem_gen_0' at clock pin 'clka' is different from the actual clock period '10.000', this can lead to different synthesis results.
INFO: [Designutils 20-5440] No compile time benefit to using incremental synthesis; A full resynthesis will be run
INFO: [Designutils 20-4379] Flow is switching to default flow due to incremental criteria not met. If you would like to alter this behaviour and have the flow terminate instead, please set the following parameter config_implementation {autoIncr.Synth.RejectBehavior Terminate}
---------------------------------------------------------------------------------
Finished Constraint Validation : Time (s): cpu = 00:00:09 ; elapsed = 00:00:20 . Memory (MB): peak = 1575.309 ; gain = 667.875
---------------------------------------------------------------------------------
---------------------------------------------------------------------------------
Start Loading Part and Timing Information
---------------------------------------------------------------------------------
Loading part: xc7a100tcsg324-1
---------------------------------------------------------------------------------
Finished Loading Part and Timing Information : Time (s): cpu = 00:00:09 ; elapsed = 00:00:20 . Memory (MB): peak = 1575.309 ; gain = 667.875
---------------------------------------------------------------------------------
---------------------------------------------------------------------------------
Start Applying 'set_property' XDC Constraints
---------------------------------------------------------------------------------
Applied set_property KEEP_HIERARCHY = SOFT for Block_Rom/BRAM. (constraint file  auto generated constraint).
Applied set_property KEEP_HIERARCHY = SOFT for Block_Rom/BRAM/blk_mem_gen_0. (constraint file  auto generated constraint).
---------------------------------------------------------------------------------
Finished applying 'set_property' XDC Constraints : Time (s): cpu = 00:00:09 ; elapsed = 00:00:20 . Memory (MB): peak = 1575.309 ; gain = 667.875
---------------------------------------------------------------------------------
WARNING: [Synth 8-3936] Found unconnected internal register 'Gy_reg' and it is trimmed from '16' to '8' bits. [C:/Users/XTYAO/Desktop/551Final/EC551Project/LASTONE/sobel.v:204]
WARNING: [Synth 8-3936] Found unconnected internal register 'Gx_reg' and it is trimmed from '16' to '8' bits. [C:/Users/XTYAO/Desktop/551Final/EC551Project/LASTONE/sobel.v:200]
INFO: [Synth 8-802] inferred FSM for state register 'current_state_reg' in module 'uart_transmitter'
---------------------------------------------------------------------------------------------------
                   State |                     New Encoding |                Previous Encoding 
---------------------------------------------------------------------------------------------------
                    IDLE |                              000 |                              000
                   START |                              001 |                              001
                  TXDATA |                              010 |                              010
                    STOP |                              011 |                              011
                 CLEANUP |                              100 |                              100
---------------------------------------------------------------------------------------------------
INFO: [Synth 8-3354] encoded FSM with state register 'current_state_reg' using encoding 'sequential' in module 'uart_transmitter'
---------------------------------------------------------------------------------
Finished RTL Optimization Phase 2 : Time (s): cpu = 00:00:09 ; elapsed = 00:00:20 . Memory (MB): peak = 1575.309 ; gain = 667.875
---------------------------------------------------------------------------------
---------------------------------------------------------------------------------
Start RTL Component Statistics 
---------------------------------------------------------------------------------
Detailed RTL Component Info : 
+---Adders : 
	   2 Input   32 Bit       Adders := 6     
	   2 Input   21 Bit       Adders := 1     
	   2 Input   16 Bit       Adders := 4     
	   2 Input   10 Bit       Adders := 2     
	   2 Input    7 Bit       Adders := 1     
	   2 Input    3 Bit       Adders := 4     
+---Registers : 
	               32 Bit    Registers := 2     
	               19 Bit    Registers := 2     
	               16 Bit    Registers := 3     
	               10 Bit    Registers := 2     
	                8 Bit    Registers := 15    
	                4 Bit    Registers := 1     
	                3 Bit    Registers := 5     
	                1 Bit    Registers := 15    
+---Muxes : 
	   6 Input   32 Bit        Muxes := 1     
	   2 Input   32 Bit        Muxes := 4     
	   5 Input   32 Bit        Muxes := 1     
	   2 Input   19 Bit        Muxes := 1     
	   2 Input   16 Bit        Muxes := 8     
	   6 Input    8 Bit        Muxes := 1     
	   2 Input    8 Bit        Muxes := 6     
	   6 Input    3 Bit        Muxes := 1     
	   2 Input    3 Bit        Muxes := 8     
	   5 Input    3 Bit        Muxes := 2     
	   3 Input    2 Bit        Muxes := 2     
	   2 Input    2 Bit        Muxes := 1     
	   6 Input    1 Bit        Muxes := 3     
	   2 Input    1 Bit        Muxes := 18    
	   5 Input    1 Bit        Muxes := 8     
---------------------------------------------------------------------------------
Finished RTL Component Statistics 
---------------------------------------------------------------------------------
---------------------------------------------------------------------------------
Start Part Resource Summary
---------------------------------------------------------------------------------
Part Resources:
DSPs: 240 (col length:80)
BRAMs: 270 (col length: RAMB18 80 RAMB36 40)
---------------------------------------------------------------------------------
Finished Part Resource Summary
---------------------------------------------------------------------------------
---------------------------------------------------------------------------------
Start Cross Boundary and Area Optimization
---------------------------------------------------------------------------------
WARNING: [Synth 8-7080] Parallel synthesis criteria is not met
DSP Report: Generating DSP p_0_out, operation Mode is: (D+A)*B.
DSP Report: operator p_0_out is absorbed into DSP p_0_out.
DSP Report: operator write_address4 is absorbed into DSP p_0_out.
DSP Report: Generating DSP p_2_out, operation Mode is: PCIN+A:B+C.
DSP Report: operator p_2_out is absorbed into DSP p_2_out.
DSP Report: Generating DSP read_address_reg, operation Mode is: (C+A*B)'.
DSP Report: register read_address_reg is absorbed into DSP read_address_reg.
DSP Report: operator read_address0 is absorbed into DSP read_address_reg.
DSP Report: operator p_0_out is absorbed into DSP read_address_reg.
WARNING: [Synth 8-7129] Port H[15] in module block_ram is either unconnected or has no load
WARNING: [Synth 8-7129] Port H[14] in module block_ram is either unconnected or has no load
WARNING: [Synth 8-7129] Port H[13] in module block_ram is either unconnected or has no load
WARNING: [Synth 8-7129] Port H[12] in module block_ram is either unconnected or has no load
WARNING: [Synth 8-7129] Port H[11] in module block_ram is either unconnected or has no load
WARNING: [Synth 8-7129] Port H[10] in module block_ram is either unconnected or has no load
WARNING: [Synth 8-7129] Port H[9] in module block_ram is either unconnected or has no load
WARNING: [Synth 8-7129] Port H[8] in module block_ram is either unconnected or has no load
WARNING: [Synth 8-7129] Port H[7] in module block_ram is either unconnected or has no load
WARNING: [Synth 8-7129] Port H[6] in module block_ram is either unconnected or has no load
WARNING: [Synth 8-7129] Port H[5] in module block_ram is either unconnected or has no load
WARNING: [Synth 8-7129] Port H[4] in module block_ram is either unconnected or has no load
WARNING: [Synth 8-7129] Port H[3] in module block_ram is either unconnected or has no load
WARNING: [Synth 8-7129] Port H[2] in module block_ram is either unconnected or has no load
WARNING: [Synth 8-7129] Port H[1] in module block_ram is either unconnected or has no load
WARNING: [Synth 8-7129] Port H[0] in module block_ram is either unconnected or has no load
WARNING: [Synth 8-7129] Port dimension_light in module new_top is either unconnected or has no load
WARNING: [Synth 8-7129] Port reset_light in module new_top is either unconnected or has no load
WARNING: [Synth 8-7129] Port loaded_light in module new_top is either unconnected or has no load
WARNING: [Synth 8-7129] Port height_light[1] in module new_top is either unconnected or has no load
WARNING: [Synth 8-7129] Port height_light[0] in module new_top is either unconnected or has no load
---------------------------------------------------------------------------------
Finished Cross Boundary and Area Optimization : Time (s): cpu = 00:00:12 ; elapsed = 00:00:25 . Memory (MB): peak = 1575.309 ; gain = 667.875
---------------------------------------------------------------------------------
 Sort Area is  p_0_out_0 : 0 0 : 2308 2449 : Used 1 time 0
 Sort Area is  p_0_out_0 : 0 1 : 141 2449 : Used 1 time 0
 Sort Area is  read_address_reg_3 : 0 0 : 2021 2021 : Used 1 time 0
---------------------------------------------------------------------------------
Start ROM, RAM, DSP, Shift Register and Retiming Reporting
---------------------------------------------------------------------------------

DSP: Preliminary Mapping Report (see note below. The ' indicates corresponding REG is set)
+------------+-------------+--------+--------+--------+--------+--------+------+------+------+------+-------+------+------+
|Module Name | DSP Mapping | A Size | B Size | C Size | D Size | P Size | AREG | BREG | CREG | DREG | ADREG | MREG | PREG | 
+------------+-------------+--------+--------+--------+--------+--------+------+------+------+------+-------+------+------+
|block_ram   | (D+A)*B     | 2      | 16     | -      | 16     | 35     | 0    | 0    | -    | 0    | 0     | 0    | 0    | 
|block_ram   | PCIN+A:B+C  | 1      | 18     | 16     | -      | -1     | 0    | 0    | 0    | -    | -     | 0    | 0    | 
|block_ram   | (C+A*B)'    | 16     | 16     | 16     | -      | 19     | 0    | 0    | 0    | -    | -     | 0    | 1    | 
+------------+-------------+--------+--------+--------+--------+--------+------+------+------+------+-------+------+------+

Note: The table above is a preliminary report that shows the DSPs inferred at the current stage of the synthesis flow. Some DSP may be reimplemented as non DSP primitives later in the synthesis flow. Multiple instantiated DSPs are reported only once.
---------------------------------------------------------------------------------
Finished ROM, RAM, DSP, Shift Register and Retiming Reporting
---------------------------------------------------------------------------------
---------------------------------------------------------------------------------
Start Applying XDC Timing Constraints
---------------------------------------------------------------------------------
---------------------------------------------------------------------------------
Finished Applying XDC Timing Constraints : Time (s): cpu = 00:00:16 ; elapsed = 00:00:33 . Memory (MB): peak = 1575.309 ; gain = 667.875
---------------------------------------------------------------------------------
---------------------------------------------------------------------------------
Start Timing Optimization
---------------------------------------------------------------------------------
---------------------------------------------------------------------------------
Finished Timing Optimization : Time (s): cpu = 00:00:17 ; elapsed = 00:00:34 . Memory (MB): peak = 1575.309 ; gain = 667.875
---------------------------------------------------------------------------------
---------------------------------------------------------------------------------
Start Technology Mapping
---------------------------------------------------------------------------------
---------------------------------------------------------------------------------
Finished Technology Mapping : Time (s): cpu = 00:00:17 ; elapsed = 00:00:35 . Memory (MB): peak = 1575.309 ; gain = 667.875
---------------------------------------------------------------------------------
---------------------------------------------------------------------------------
Start IO Insertion
---------------------------------------------------------------------------------
---------------------------------------------------------------------------------
Start Flattening Before IO Insertion
---------------------------------------------------------------------------------
---------------------------------------------------------------------------------
Finished Flattening Before IO Insertion
---------------------------------------------------------------------------------
---------------------------------------------------------------------------------
Start Final Netlist Cleanup
---------------------------------------------------------------------------------
---------------------------------------------------------------------------------
Finished Final Netlist Cleanup
---------------------------------------------------------------------------------
---------------------------------------------------------------------------------
Finished IO Insertion : Time (s): cpu = 00:00:20 ; elapsed = 00:00:39 . Memory (MB): peak = 1575.309 ; gain = 667.875
---------------------------------------------------------------------------------
---------------------------------------------------------------------------------
Start Renaming Generated Instances
---------------------------------------------------------------------------------
---------------------------------------------------------------------------------
Finished Renaming Generated Instances : Time (s): cpu = 00:00:20 ; elapsed = 00:00:39 . Memory (MB): peak = 1575.309 ; gain = 667.875
---------------------------------------------------------------------------------
---------------------------------------------------------------------------------
Start Rebuilding User Hierarchy
---------------------------------------------------------------------------------
---------------------------------------------------------------------------------
Finished Rebuilding User Hierarchy : Time (s): cpu = 00:00:20 ; elapsed = 00:00:39 . Memory (MB): peak = 1575.309 ; gain = 667.875
---------------------------------------------------------------------------------
---------------------------------------------------------------------------------
Start Renaming Generated Ports
---------------------------------------------------------------------------------
---------------------------------------------------------------------------------
Finished Renaming Generated Ports : Time (s): cpu = 00:00:20 ; elapsed = 00:00:39 . Memory (MB): peak = 1575.309 ; gain = 667.875
---------------------------------------------------------------------------------
---------------------------------------------------------------------------------
Start Handling Custom Attributes
---------------------------------------------------------------------------------
---------------------------------------------------------------------------------
Finished Handling Custom Attributes : Time (s): cpu = 00:00:20 ; elapsed = 00:00:39 . Memory (MB): peak = 1575.309 ; gain = 667.875
---------------------------------------------------------------------------------
---------------------------------------------------------------------------------
Start Renaming Generated Nets
---------------------------------------------------------------------------------
---------------------------------------------------------------------------------
Finished Renaming Generated Nets : Time (s): cpu = 00:00:20 ; elapsed = 00:00:39 . Memory (MB): peak = 1575.309 ; gain = 667.875
---------------------------------------------------------------------------------
---------------------------------------------------------------------------------
Start Writing Synthesis Report
---------------------------------------------------------------------------------

DSP Final Report (the ' indicates corresponding REG is set)
+------------+-------------+--------+--------+--------+--------+--------+------+------+------+------+-------+------+------+
|Module Name | DSP Mapping | A Size | B Size | C Size | D Size | P Size | AREG | BREG | CREG | DREG | ADREG | MREG | PREG | 
+------------+-------------+--------+--------+--------+--------+--------+------+------+------+------+-------+------+------+
|block_ram   | D+A*B       | 30     | 10     | -      | 16     | 0      | 0    | 0    | -    | 0    | 0     | 0    | 0    | 
|block_ram   | PCIN+A:B+C  | 30     | 18     | -      | -      | 19     | 0    | 0    | -    | -    | -     | 0    | 0    | 
|block_ram   | (C+A*B)'    | 10     | 16     | 16     | -      | 19     | 0    | 0    | 0    | -    | -     | 0    | 1    | 
+------------+-------------+--------+--------+--------+--------+--------+------+------+------+------+-------+------+------+


Report BlackBoxes: 
+------+---------------------+----------+
|      |BlackBox name        |Instances |
+------+---------------------+----------+
|1     |BRAM_blk_mem_gen_0_0 |         1|
+------+---------------------+----------+

Report Cell Usage: 
+------+-------------------+------+
|      |Cell               |Count |
+------+-------------------+------+
|1     |BRAM_blk_mem_gen_0 |     1|
|2     |BUFG               |     1|
|3     |CARRY4             |   161|
|4     |DSP48E1            |     3|
|7     |LUT1               |    82|
|8     |LUT2               |   204|
|9     |LUT3               |   157|
|10    |LUT4               |    76|
|11    |LUT5               |   109|
|12    |LUT6               |   259|
|13    |FDRE               |   324|
|14    |FDSE               |     2|
|15    |IBUF               |     3|
|16    |OBUF               |    20|
|17    |OBUFT              |     5|
+------+-------------------+------+
---------------------------------------------------------------------------------
Finished Writing Synthesis Report : Time (s): cpu = 00:00:20 ; elapsed = 00:00:39 . Memory (MB): peak = 1575.309 ; gain = 667.875
---------------------------------------------------------------------------------
Synthesis finished with 0 errors, 0 critical warnings and 24 warnings.
Synthesis Optimization Runtime : Time (s): cpu = 00:00:14 ; elapsed = 00:00:37 . Memory (MB): peak = 1575.309 ; gain = 560.234
Synthesis Optimization Complete : Time (s): cpu = 00:00:20 ; elapsed = 00:00:39 . Memory (MB): peak = 1575.309 ; gain = 667.875
INFO: [Project 1-571] Translating synthesized netlist
Netlist sorting complete. Time (s): cpu = 00:00:00 ; elapsed = 00:00:00.014 . Memory (MB): peak = 1575.309 ; gain = 0.000
INFO: [Netlist 29-17] Analyzing 164 Unisim elements for replacement
INFO: [Netlist 29-28] Unisim Transformation completed in 0 CPU seconds
INFO: [Project 1-570] Preparing netlist for logic optimization
INFO: [Opt 31-138] Pushed 0 inverter(s) to 0 load pin(s).
Netlist sorting complete. Time (s): cpu = 00:00:00 ; elapsed = 00:00:00.001 . Memory (MB): peak = 1575.309 ; gain = 0.000
INFO: [Project 1-111] Unisim Transformation Summary:
No Unisim elements were transformed.

The system cannot find the path specified.
Synth Design complete | Checksum: cf6d75dd
INFO: [Common 17-83] Releasing license: Synthesis
46 Infos, 72 Warnings, 0 Critical Warnings and 0 Errors encountered.
synth_design completed successfully
synth_design: Time (s): cpu = 00:00:23 ; elapsed = 00:00:44 . Memory (MB): peak = 1575.309 ; gain = 1075.840
Write ShapeDB Complete: Time (s): cpu = 00:00:00 ; elapsed = 00:00:00.004 . Memory (MB): peak = 1575.309 ; gain = 0.000
INFO: [Common 17-1381] The checkpoint 'C:/Users/XTYAO/Desktop/551Final/EC551Project/LASTONE/LASTONE.runs/synth_1/new_top.dcp' has been generated.
INFO: [runtcl-4] Executing : report_utilization -file new_top_utilization_synth.rpt -pb new_top_utilization_synth.pb
INFO: [Common 17-206] Exiting Vivado at Tue Dec 12 19:44:16 2023...
