
*** Running vivado
    with args -log UART_on_board_testing.vds -m64 -product Vivado -mode batch -messageDb vivado.pb -notrace -source UART_on_board_testing.tcl


ECHO is off.
ECHO is off.

****** Vivado v2023.2 (64-bit)
  **** SW Build 4029153 on Fri Oct 13 20:14:34 MDT 2023
  **** IP Build 4028589 on Sat Oct 14 00:45:43 MDT 2023
  **** SharedData Build 4025554 on Tue Oct 10 17:18:54 MDT 2023
    ** Copyright 1986-2022 Xilinx, Inc. All Rights Reserved.
    ** Copyright 2022-2023 Advanced Micro Devices, Inc. All Rights Reserved.

source UART_on_board_testing.tcl -notrace
Command: read_checkpoint -auto_incremental -incremental C:/Users/XTYAO/Desktop/551Final/EC551Project/EC551_project/EC551_project.srcs/utils_1/imports/synth_1/UART_on_board_testing.dcp
INFO: [Vivado 12-5825] Read reference checkpoint from C:/Users/XTYAO/Desktop/551Final/EC551Project/EC551_project/EC551_project.srcs/utils_1/imports/synth_1/UART_on_board_testing.dcp for incremental synthesis
INFO: [Vivado 12-7989] Please ensure there are no constraint changes
Command: synth_design -top UART_on_board_testing -part xc7a100tcsg324-1
Starting synth_design
Attempting to get a license for feature 'Synthesis' and/or device 'xc7a100t'
INFO: [Common 17-349] Got license for feature 'Synthesis' and/or device 'xc7a100t'
INFO: [Device 21-403] Loading part xc7a100tcsg324-1
INFO: [Designutils 20-5440] No compile time benefit to using incremental synthesis; A full resynthesis will be run
INFO: [Designutils 20-4379] Flow is switching to default flow due to incremental criteria not met. If you would like to alter this behaviour and have the flow terminate instead, please set the following parameter config_implementation {autoIncr.Synth.RejectBehavior Terminate}
INFO: [Synth 8-7079] Multithreading enabled for synth_design using a maximum of 2 processes.
INFO: [Synth 8-7078] Launching helper process for spawning children vivado processes
INFO: [Synth 8-7075] Helper process launched with PID 15384
---------------------------------------------------------------------------------
Starting RTL Elaboration : Time (s): cpu = 00:00:04 ; elapsed = 00:00:04 . Memory (MB): peak = 1339.934 ; gain = 441.219
---------------------------------------------------------------------------------
INFO: [Synth 8-11241] undeclared symbol 'tx_temp', assumed default net type 'wire' [C:/Users/XTYAO/Desktop/551Final/EC551Project/EC551_project/EC551_project.srcs/sources_1/new/UART_on_board_testing.v:68]
INFO: [Synth 8-6157] synthesizing module 'UART_on_board_testing' [C:/Users/XTYAO/Desktop/551Final/EC551Project/EC551_project/EC551_project.srcs/sources_1/new/UART_on_board_testing.v:23]
INFO: [Synth 8-6157] synthesizing module 'uart_receiver' [C:/Users/XTYAO/Desktop/551Final/EC551Project/EC551_project/EC551_project.srcs/sources_1/new/uart_receiver.v:23]
	Parameter BAUD_VAL bound to: 10417 - type: integer 
INFO: [Synth 8-6155] done synthesizing module 'uart_receiver' (0#1) [C:/Users/XTYAO/Desktop/551Final/EC551Project/EC551_project/EC551_project.srcs/sources_1/new/uart_receiver.v:23]
INFO: [Synth 8-6157] synthesizing module 'uart_transmitter' [C:/Users/XTYAO/Desktop/551Final/EC551Project/EC551_project/EC551_project.srcs/sources_1/new/uart_transmitter.v:23]
	Parameter BAUD_VAL bound to: 10417 - type: integer 
INFO: [Synth 8-6155] done synthesizing module 'uart_transmitter' (0#1) [C:/Users/XTYAO/Desktop/551Final/EC551Project/EC551_project/EC551_project.srcs/sources_1/new/uart_transmitter.v:23]
INFO: [Synth 8-6155] done synthesizing module 'UART_on_board_testing' (0#1) [C:/Users/XTYAO/Desktop/551Final/EC551Project/EC551_project/EC551_project.srcs/sources_1/new/UART_on_board_testing.v:23]
WARNING: [Synth 8-6014] Unused sequential element next_state_reg was removed.  [C:/Users/XTYAO/Desktop/551Final/EC551Project/EC551_project/EC551_project.srcs/sources_1/new/uart_receiver.v:43]
WARNING: [Synth 8-6014] Unused sequential element next_state_reg was removed.  [C:/Users/XTYAO/Desktop/551Final/EC551Project/EC551_project/EC551_project.srcs/sources_1/new/uart_transmitter.v:46]
WARNING: [Synth 8-3917] design UART_on_board_testing has port dummy driven by constant 1
---------------------------------------------------------------------------------
Finished RTL Elaboration : Time (s): cpu = 00:00:05 ; elapsed = 00:00:06 . Memory (MB): peak = 1447.762 ; gain = 549.047
---------------------------------------------------------------------------------
---------------------------------------------------------------------------------
Start Handling Custom Attributes
---------------------------------------------------------------------------------
---------------------------------------------------------------------------------
Finished Handling Custom Attributes : Time (s): cpu = 00:00:05 ; elapsed = 00:00:06 . Memory (MB): peak = 1447.762 ; gain = 549.047
---------------------------------------------------------------------------------
---------------------------------------------------------------------------------
Finished RTL Optimization Phase 1 : Time (s): cpu = 00:00:05 ; elapsed = 00:00:06 . Memory (MB): peak = 1447.762 ; gain = 549.047
---------------------------------------------------------------------------------
Netlist sorting complete. Time (s): cpu = 00:00:00 ; elapsed = 00:00:00.003 . Memory (MB): peak = 1447.762 ; gain = 0.000
INFO: [Project 1-570] Preparing netlist for logic optimization

Processing XDC Constraints
Initializing timing engine
Parsing XDC File [C:/Users/XTYAO/Desktop/551Final/EC551Project/UART_testing_constraint.xdc]
Finished Parsing XDC File [C:/Users/XTYAO/Desktop/551Final/EC551Project/UART_testing_constraint.xdc]
INFO: [Project 1-236] Implementation specific constraints were found while reading constraint file [C:/Users/XTYAO/Desktop/551Final/EC551Project/UART_testing_constraint.xdc]. These constraints will be ignored for synthesis but will be used in implementation. Impacted constraints are listed in the file [.Xil/UART_on_board_testing_propImpl.xdc].
Resolution: To avoid this warning, move constraints listed in [.Xil/UART_on_board_testing_propImpl.xdc] to another XDC file and exclude this new file from synthesis with the used_in_synthesis property (File Properties dialog in GUI) and re-run elaboration/synthesis.
Completed Processing XDC Constraints

Netlist sorting complete. Time (s): cpu = 00:00:00 ; elapsed = 00:00:00 . Memory (MB): peak = 1541.195 ; gain = 0.000
INFO: [Project 1-111] Unisim Transformation Summary:
No Unisim elements were transformed.

The system cannot find the path specified.
Constraint Validation Runtime : Time (s): cpu = 00:00:00 ; elapsed = 00:00:00.002 . Memory (MB): peak = 1541.195 ; gain = 0.000
INFO: [Designutils 20-5440] No compile time benefit to using incremental synthesis; A full resynthesis will be run
INFO: [Designutils 20-4379] Flow is switching to default flow due to incremental criteria not met. If you would like to alter this behaviour and have the flow terminate instead, please set the following parameter config_implementation {autoIncr.Synth.RejectBehavior Terminate}
---------------------------------------------------------------------------------
Finished Constraint Validation : Time (s): cpu = 00:00:11 ; elapsed = 00:00:13 . Memory (MB): peak = 1541.195 ; gain = 642.480
---------------------------------------------------------------------------------
---------------------------------------------------------------------------------
Start Loading Part and Timing Information
---------------------------------------------------------------------------------
Loading part: xc7a100tcsg324-1
---------------------------------------------------------------------------------
Finished Loading Part and Timing Information : Time (s): cpu = 00:00:11 ; elapsed = 00:00:13 . Memory (MB): peak = 1541.195 ; gain = 642.480
---------------------------------------------------------------------------------
---------------------------------------------------------------------------------
Start Applying 'set_property' XDC Constraints
---------------------------------------------------------------------------------
---------------------------------------------------------------------------------
Finished applying 'set_property' XDC Constraints : Time (s): cpu = 00:00:11 ; elapsed = 00:00:13 . Memory (MB): peak = 1541.195 ; gain = 642.480
---------------------------------------------------------------------------------
INFO: [Synth 8-802] inferred FSM for state register 'current_state_reg' in module 'uart_receiver'
INFO: [Synth 8-802] inferred FSM for state register 'current_state_reg' in module 'uart_transmitter'
---------------------------------------------------------------------------------------------------
                   State |                     New Encoding |                Previous Encoding 
---------------------------------------------------------------------------------------------------
                    IDLE |                            00001 |                              000
                   START |                            00010 |                              001
                  RXDATA |                            00100 |                              010
                    STOP |                            01000 |                              011
                 CLEANUP |                            10000 |                              100
---------------------------------------------------------------------------------------------------
INFO: [Synth 8-3354] encoded FSM with state register 'current_state_reg' using encoding 'one-hot' in module 'uart_receiver'
---------------------------------------------------------------------------------------------------
                   State |                     New Encoding |                Previous Encoding 
---------------------------------------------------------------------------------------------------
                    IDLE |                              000 |                              000
                   START |                              001 |                              001
                  TXDATA |                              010 |                              010
                    STOP |                              011 |                              011
                 CLEANUP |                              100 |                              100
---------------------------------------------------------------------------------------------------
INFO: [Synth 8-3354] encoded FSM with state register 'current_state_reg' using encoding 'sequential' in module 'uart_transmitter'
---------------------------------------------------------------------------------
Finished RTL Optimization Phase 2 : Time (s): cpu = 00:00:11 ; elapsed = 00:00:13 . Memory (MB): peak = 1541.195 ; gain = 642.480
---------------------------------------------------------------------------------
---------------------------------------------------------------------------------
Start RTL Component Statistics 
---------------------------------------------------------------------------------
Detailed RTL Component Info : 
+---Adders : 
	   2 Input   32 Bit       Adders := 1     
	   2 Input   14 Bit       Adders := 1     
	   2 Input    3 Bit       Adders := 2     
+---Registers : 
	               32 Bit    Registers := 2     
	                8 Bit    Registers := 2     
	                3 Bit    Registers := 2     
	                1 Bit    Registers := 4     
+---Muxes : 
	   2 Input   32 Bit        Muxes := 1     
	   5 Input   32 Bit        Muxes := 2     
	   2 Input    8 Bit        Muxes := 2     
	   5 Input    8 Bit        Muxes := 1     
	   5 Input    5 Bit        Muxes := 1     
	   2 Input    5 Bit        Muxes := 6     
	   2 Input    3 Bit        Muxes := 7     
	   5 Input    3 Bit        Muxes := 3     
	   5 Input    1 Bit        Muxes := 11    
	   2 Input    1 Bit        Muxes := 1     
---------------------------------------------------------------------------------
Finished RTL Component Statistics 
---------------------------------------------------------------------------------
---------------------------------------------------------------------------------
Start Part Resource Summary
---------------------------------------------------------------------------------
Part Resources:
DSPs: 240 (col length:80)
BRAMs: 270 (col length: RAMB18 80 RAMB36 40)
---------------------------------------------------------------------------------
Finished Part Resource Summary
---------------------------------------------------------------------------------
---------------------------------------------------------------------------------
Start Cross Boundary and Area Optimization
---------------------------------------------------------------------------------
WARNING: [Synth 8-7080] Parallel synthesis criteria is not met
WARNING: [Synth 8-3917] design UART_on_board_testing has port dummy driven by constant 1
---------------------------------------------------------------------------------
Finished Cross Boundary and Area Optimization : Time (s): cpu = 00:00:13 ; elapsed = 00:00:16 . Memory (MB): peak = 1541.195 ; gain = 642.480
---------------------------------------------------------------------------------
---------------------------------------------------------------------------------
Start Applying XDC Timing Constraints
---------------------------------------------------------------------------------
---------------------------------------------------------------------------------
Finished Applying XDC Timing Constraints : Time (s): cpu = 00:00:16 ; elapsed = 00:00:20 . Memory (MB): peak = 1541.195 ; gain = 642.480
---------------------------------------------------------------------------------
---------------------------------------------------------------------------------
Start Timing Optimization
---------------------------------------------------------------------------------
---------------------------------------------------------------------------------
Finished Timing Optimization : Time (s): cpu = 00:00:17 ; elapsed = 00:00:20 . Memory (MB): peak = 1541.195 ; gain = 642.480
---------------------------------------------------------------------------------
---------------------------------------------------------------------------------
Start Technology Mapping
---------------------------------------------------------------------------------
---------------------------------------------------------------------------------
Finished Technology Mapping : Time (s): cpu = 00:00:17 ; elapsed = 00:00:20 . Memory (MB): peak = 1541.195 ; gain = 642.480
---------------------------------------------------------------------------------
---------------------------------------------------------------------------------
Start IO Insertion
---------------------------------------------------------------------------------
---------------------------------------------------------------------------------
Start Flattening Before IO Insertion
---------------------------------------------------------------------------------
---------------------------------------------------------------------------------
Finished Flattening Before IO Insertion
---------------------------------------------------------------------------------
---------------------------------------------------------------------------------
Start Final Netlist Cleanup
---------------------------------------------------------------------------------
---------------------------------------------------------------------------------
Finished Final Netlist Cleanup
---------------------------------------------------------------------------------
---------------------------------------------------------------------------------
Finished IO Insertion : Time (s): cpu = 00:00:20 ; elapsed = 00:00:24 . Memory (MB): peak = 1541.195 ; gain = 642.480
---------------------------------------------------------------------------------
---------------------------------------------------------------------------------
Start Renaming Generated Instances
---------------------------------------------------------------------------------
---------------------------------------------------------------------------------
Finished Renaming Generated Instances : Time (s): cpu = 00:00:20 ; elapsed = 00:00:24 . Memory (MB): peak = 1541.195 ; gain = 642.480
---------------------------------------------------------------------------------
---------------------------------------------------------------------------------
Start Rebuilding User Hierarchy
---------------------------------------------------------------------------------
---------------------------------------------------------------------------------
Finished Rebuilding User Hierarchy : Time (s): cpu = 00:00:20 ; elapsed = 00:00:24 . Memory (MB): peak = 1541.195 ; gain = 642.480
---------------------------------------------------------------------------------
---------------------------------------------------------------------------------
Start Renaming Generated Ports
---------------------------------------------------------------------------------
---------------------------------------------------------------------------------
Finished Renaming Generated Ports : Time (s): cpu = 00:00:20 ; elapsed = 00:00:24 . Memory (MB): peak = 1541.195 ; gain = 642.480
---------------------------------------------------------------------------------
---------------------------------------------------------------------------------
Start Handling Custom Attributes
---------------------------------------------------------------------------------
---------------------------------------------------------------------------------
Finished Handling Custom Attributes : Time (s): cpu = 00:00:20 ; elapsed = 00:00:24 . Memory (MB): peak = 1541.195 ; gain = 642.480
---------------------------------------------------------------------------------
---------------------------------------------------------------------------------
Start Renaming Generated Nets
---------------------------------------------------------------------------------
---------------------------------------------------------------------------------
Finished Renaming Generated Nets : Time (s): cpu = 00:00:20 ; elapsed = 00:00:24 . Memory (MB): peak = 1541.195 ; gain = 642.480
---------------------------------------------------------------------------------
---------------------------------------------------------------------------------
Start Writing Synthesis Report
---------------------------------------------------------------------------------

Report BlackBoxes: 
+-+--------------+----------+
| |BlackBox name |Instances |
+-+--------------+----------+
+-+--------------+----------+

Report Cell Usage: 
+------+-------+------+
|      |Cell   |Count |
+------+-------+------+
|1     |BUFG   |     1|
|2     |CARRY4 |    12|
|3     |LUT2   |    32|
|4     |LUT3   |    12|
|5     |LUT4   |    14|
|6     |LUT5   |    38|
|7     |LUT6   |    16|
|8     |FDRE   |    77|
|9     |FDSE   |     3|
|10    |IBUF   |     3|
|11    |OBUF   |    12|
+------+-------+------+
---------------------------------------------------------------------------------
Finished Writing Synthesis Report : Time (s): cpu = 00:00:20 ; elapsed = 00:00:24 . Memory (MB): peak = 1541.195 ; gain = 642.480
---------------------------------------------------------------------------------
Synthesis finished with 0 errors, 0 critical warnings and 2 warnings.
Synthesis Optimization Runtime : Time (s): cpu = 00:00:14 ; elapsed = 00:00:22 . Memory (MB): peak = 1541.195 ; gain = 549.047
Synthesis Optimization Complete : Time (s): cpu = 00:00:20 ; elapsed = 00:00:24 . Memory (MB): peak = 1541.195 ; gain = 642.480
INFO: [Project 1-571] Translating synthesized netlist
Netlist sorting complete. Time (s): cpu = 00:00:00 ; elapsed = 00:00:00.002 . Memory (MB): peak = 1541.195 ; gain = 0.000
INFO: [Netlist 29-17] Analyzing 12 Unisim elements for replacement
INFO: [Netlist 29-28] Unisim Transformation completed in 0 CPU seconds
INFO: [Project 1-570] Preparing netlist for logic optimization
INFO: [Opt 31-138] Pushed 0 inverter(s) to 0 load pin(s).
Netlist sorting complete. Time (s): cpu = 00:00:00 ; elapsed = 00:00:00.001 . Memory (MB): peak = 1541.195 ; gain = 0.000
INFO: [Project 1-111] Unisim Transformation Summary:
No Unisim elements were transformed.

The system cannot find the path specified.
Synth Design complete | Checksum: 200acfe4
INFO: [Common 17-83] Releasing license: Synthesis
32 Infos, 5 Warnings, 0 Critical Warnings and 0 Errors encountered.
synth_design completed successfully
synth_design: Time (s): cpu = 00:00:24 ; elapsed = 00:00:28 . Memory (MB): peak = 1541.195 ; gain = 1051.992
Write ShapeDB Complete: Time (s): cpu = 00:00:00 ; elapsed = 00:00:00.001 . Memory (MB): peak = 1541.195 ; gain = 0.000
INFO: [Common 17-1381] The checkpoint 'C:/Users/XTYAO/Desktop/551Final/EC551Project/EC551_project/EC551_project.runs/synth_1/UART_on_board_testing.dcp' has been generated.
INFO: [runtcl-4] Executing : report_utilization -file UART_on_board_testing_utilization_synth.rpt -pb UART_on_board_testing_utilization_synth.pb
INFO: [Common 17-206] Exiting Vivado at Sun Dec 10 23:37:07 2023...
