#-----------------------------------------------------------
# Vivado v2023.2 (64-bit)
# SW Build 4029153 on Fri Oct 13 20:14:34 MDT 2023
# IP Build 4028589 on Sat Oct 14 00:45:43 MDT 2023
# SharedData Build 4025554 on Tue Oct 10 17:18:54 MDT 2023
# Start of session at: Tue Dec 12 16:48:07 2023
# Process ID: 41992
# Current directory: C:/Users/XTYAO/Desktop/551Final/EC551Project/LASTONE
# Command line: vivado.exe -gui_launcher_event rodinguilauncherevent8916 C:\Users\XTYAO\Desktop\551Final\EC551Project\LASTONE\LASTONE.xpr
# Log file: C:/Users/XTYAO/Desktop/551Final/EC551Project/LASTONE/vivado.log
# Journal file: C:/Users/XTYAO/Desktop/551Final/EC551Project/LASTONE\vivado.jou
# Running On: Adelia-laptop, OS: Windows, CPU Frequency: 2304 MHz, CPU Physical cores: 8, Host memory: 34088 MB
#-----------------------------------------------------------
start_gui
open_project C:/Users/XTYAO/Desktop/551Final/EC551Project/LASTONE/LASTONE.xpr
WARNING: [Board 49-26] cannot add Board Part xilinx.com:kc705:part0:1.6 available at D:/Xilinx/Vivado/2023.2/data/xhub/boards/XilinxBoardStore/boards/Xilinx/kc705/1.6/board.xml as part xc7k325tffg900-2 specified in board_part file is either invalid or not available
WARNING: [Board 49-26] cannot add Board Part xilinx.com:kcu105:part0:1.6 available at D:/Xilinx/Vivado/2023.2/data/xhub/boards/XilinxBoardStore/boards/Xilinx/kcu105/1.6/board.xml as part xcku040-ffva1156-2-e specified in board_part file is either invalid or not available
WARNING: [Board 49-26] cannot add Board Part xilinx.com:kcu105:part0:1.7 available at D:/Xilinx/Vivado/2023.2/data/xhub/boards/XilinxBoardStore/boards/Xilinx/kcu105/1.7/board.xml as part xcku040-ffva1156-2-e specified in board_part file is either invalid or not available
WARNING: [Board 49-26] cannot add Board Part xilinx.com:kcu1500:part0:1.2 available at D:/Xilinx/Vivado/2023.2/data/xhub/boards/XilinxBoardStore/boards/Xilinx/kcu1500/1.2/board.xml as part xcku115-flvb2104-2-e specified in board_part file is either invalid or not available
WARNING: [Board 49-26] cannot add Board Part xilinx.com:vc707:part0:1.4 available at D:/Xilinx/Vivado/2023.2/data/xhub/boards/XilinxBoardStore/boards/Xilinx/vc707/1.4/board.xml as part xc7vx485tffg1761-2 specified in board_part file is either invalid or not available
WARNING: [Board 49-26] cannot add Board Part xilinx.com:vc709:part0:1.8 available at D:/Xilinx/Vivado/2023.2/data/xhub/boards/XilinxBoardStore/boards/Xilinx/vc709/1.8/board.xml as part xc7vx690tffg1761-2 specified in board_part file is either invalid or not available
WARNING: [Board 49-26] cannot add Board Part xilinx.com:vck190:part0:2.2 available at D:/Xilinx/Vivado/2023.2/data/xhub/boards/XilinxBoardStore/boards/Xilinx/vck190/production/2.2/board.xml as part xcvc1902-vsva2197-2mp-e-s specified in board_part file is either invalid or not available
WARNING: [Board 49-26] cannot add Board Part xilinx.com:vck190:part0:3.0 available at D:/Xilinx/Vivado/2023.2/data/xhub/boards/XilinxBoardStore/boards/Xilinx/vck190/production/3.0/board.xml as part xcvc1902-vsva2197-2mp-e-s specified in board_part file is either invalid or not available
WARNING: [Board 49-26] cannot add Board Part xilinx.com:vck190:part0:3.1 available at D:/Xilinx/Vivado/2023.2/data/xhub/boards/XilinxBoardStore/boards/Xilinx/vck190/production/3.1/board.xml as part xcvc1902-vsva2197-2mp-e-s specified in board_part file is either invalid or not available
WARNING: [Board 49-26] cannot add Board Part xilinx.com:vck190:part0:3.2 available at D:/Xilinx/Vivado/2023.2/data/xhub/boards/XilinxBoardStore/boards/Xilinx/vck190/production/3.2/board.xml as part xcvc1902-vsva2197-2mp-e-s specified in board_part file is either invalid or not available
WARNING: [Board 49-26] cannot add Board Part xilinx.com:vck190_newl:part0:1.0 available at D:/Xilinx/Vivado/2023.2/data/xhub/boards/XilinxBoardStore/boards/Xilinx/vck190_newl/production/1.0/board.xml as part xcvc1902-vsva2197-2mp-e-s specified in board_part file is either invalid or not available
WARNING: [Board 49-26] cannot add Board Part xilinx.com:vck190_newl:part0:1.1 available at D:/Xilinx/Vivado/2023.2/data/xhub/boards/XilinxBoardStore/boards/Xilinx/vck190_newl/production/1.1/board.xml as part xcvc1902-vsva2197-2mp-e-s specified in board_part file is either invalid or not available
WARNING: [Board 49-26] cannot add Board Part xilinx.com:vcu108:part0:1.6 available at D:/Xilinx/Vivado/2023.2/data/xhub/boards/XilinxBoardStore/boards/Xilinx/vcu108/1.6/board.xml as part xcvu095-ffva2104-2-e specified in board_part file is either invalid or not available
WARNING: [Board 49-26] cannot add Board Part xilinx.com:vcu108:part0:1.7 available at D:/Xilinx/Vivado/2023.2/data/xhub/boards/XilinxBoardStore/boards/Xilinx/vcu108/1.7/board.xml as part xcvu095-ffva2104-2-e specified in board_part file is either invalid or not available
WARNING: [Board 49-26] cannot add Board Part xilinx.com:vcu110:part0:1.4 available at D:/Xilinx/Vivado/2023.2/data/xhub/boards/XilinxBoardStore/boards/Xilinx/vcu110/1.4/board.xml as part xcvu190-flgc2104-2-e specified in board_part file is either invalid or not available
WARNING: [Board 49-26] cannot add Board Part xilinx.com:vcu118:part0:2.0 available at D:/Xilinx/Vivado/2023.2/data/xhub/boards/XilinxBoardStore/boards/Xilinx/vcu118/2.0/board.xml as part xcvu9p-flga2104-2l-e specified in board_part file is either invalid or not available
WARNING: [Board 49-26] cannot add Board Part xilinx.com:vcu118:part0:2.3 available at D:/Xilinx/Vivado/2023.2/data/xhub/boards/XilinxBoardStore/boards/Xilinx/vcu118/2.3/board.xml as part xcvu9p-flga2104-2l-e specified in board_part file is either invalid or not available
WARNING: [Board 49-26] cannot add Board Part xilinx.com:vcu118:part0:2.4 available at D:/Xilinx/Vivado/2023.2/data/xhub/boards/XilinxBoardStore/boards/Xilinx/vcu118/2.4/board.xml as part xcvu9p-flga2104-2l-e specified in board_part file is either invalid or not available
WARNING: [Board 49-26] cannot add Board Part xilinx.com:vcu129:part0:1.0 available at D:/Xilinx/Vivado/2023.2/data/xhub/boards/XilinxBoardStore/boards/Xilinx/vcu129/production/1.0/board.xml as part xcvu29p-fsga2577-2l-e specified in board_part file is either invalid or not available
WARNING: [Board 49-26] cannot add Board Part xilinx.com:vcu1525:part0:1.3 available at D:/Xilinx/Vivado/2023.2/data/xhub/boards/XilinxBoardStore/boards/Xilinx/vcu1525/1.3/board.xml as part xcvu9p-fsgd2104-2l-e specified in board_part file is either invalid or not available
WARNING: [Board 49-26] cannot add Board Part xilinx.com:vek280:part0:1.0 available at D:/Xilinx/Vivado/2023.2/data/xhub/boards/XilinxBoardStore/boards/Xilinx/vek280/production/1.0/board.xml as part xcve2802-vsvh1760-2mp-e-s specified in board_part file is either invalid or not available
WARNING: [Board 49-26] cannot add Board Part xilinx.com:vek280_es:part0:1.0 available at D:/Xilinx/Vivado/2023.2/data/xhub/boards/XilinxBoardStore/boards/Xilinx/vek280/es/rev_a/1.0/board.xml as part xcve2802-vsvh1760-2lp-e-s-es1 specified in board_part file is either invalid or not available
WARNING: [Board 49-26] cannot add Board Part xilinx.com:vek280_es:part0:1.1 available at D:/Xilinx/Vivado/2023.2/data/xhub/boards/XilinxBoardStore/boards/Xilinx/vek280/es/rev_a/1.1/board.xml as part xcve2802-vsvh1760-2lp-e-s-es1 specified in board_part file is either invalid or not available
WARNING: [Board 49-26] cannot add Board Part xilinx.com:vek280_es_revb:part0:1.0 available at D:/Xilinx/Vivado/2023.2/data/xhub/boards/XilinxBoardStore/boards/Xilinx/vek280/es/rev_b/1.0/board.xml as part xcve2802-vsvh1760-2mp-e-s-es1 specified in board_part file is either invalid or not available
WARNING: [Board 49-26] cannot add Board Part xilinx.com:vek280_es_revb:part0:1.1 available at D:/Xilinx/Vivado/2023.2/data/xhub/boards/XilinxBoardStore/boards/Xilinx/vek280/es/rev_b/1.1/board.xml as part xcve2802-vsvh1760-2mp-e-s-es1 specified in board_part file is either invalid or not available
WARNING: [Board 49-26] cannot add Board Part xilinx.com:vermeo_t1_mpsoc:part0:1.0 available at D:/Xilinx/Vivado/2023.2/data/xhub/boards/XilinxBoardStore/boards/Xilinx/vermeo_t1_mpsoc/1.0/board.xml as part xczu19eg-ffvd1760-2l-e specified in board_part file is either invalid or not available
WARNING: [Board 49-26] cannot add Board Part xilinx.com:vermeo_t1_rfsoc:part0:1.0 available at D:/Xilinx/Vivado/2023.2/data/xhub/boards/XilinxBoardStore/boards/Xilinx/vermeo_t1_rfsoc/1.0/board.xml as part xczu21dr-ffvd1156-2l-e specified in board_part file is either invalid or not available
WARNING: [Board 49-26] cannot add Board Part xilinx.com:vhk158:part0:1.0 available at D:/Xilinx/Vivado/2023.2/data/xhub/boards/XilinxBoardStore/boards/Xilinx/vhk158/production/1.0/board.xml as part xcvh1582-vsva3697-2mp-e-s specified in board_part file is either invalid or not available
WARNING: [Board 49-26] cannot add Board Part xilinx.com:vhk158:part0:1.1 available at D:/Xilinx/Vivado/2023.2/data/xhub/boards/XilinxBoardStore/boards/Xilinx/vhk158/production/1.1/board.xml as part xcvh1582-vsva3697-2mp-e-s specified in board_part file is either invalid or not available
WARNING: [Board 49-26] cannot add Board Part xilinx.com:vhk158_es:part0:1.0 available at D:/Xilinx/Vivado/2023.2/data/xhub/boards/XilinxBoardStore/boards/Xilinx/vhk158/es/1.0/board.xml as part xcvh1582-vsva3697-2mp-e-s-es1 specified in board_part file is either invalid or not available
WARNING: [Board 49-26] cannot add Board Part xilinx.com:vhk158_es:part0:1.1 available at D:/Xilinx/Vivado/2023.2/data/xhub/boards/XilinxBoardStore/boards/Xilinx/vhk158/es/1.1/board.xml as part xcvh1582-vsva3697-2mp-e-s-es1 specified in board_part file is either invalid or not available
WARNING: [Board 49-26] cannot add Board Part xilinx.com:vmk180:part0:2.2 available at D:/Xilinx/Vivado/2023.2/data/xhub/boards/XilinxBoardStore/boards/Xilinx/vmk180/production/2.2/board.xml as part xcvm1802-vsva2197-2mp-e-s specified in board_part file is either invalid or not available
WARNING: [Board 49-26] cannot add Board Part xilinx.com:vmk180:part0:3.0 available at D:/Xilinx/Vivado/2023.2/data/xhub/boards/XilinxBoardStore/boards/Xilinx/vmk180/production/3.0/board.xml as part xcvm1802-vsva2197-2mp-e-s specified in board_part file is either invalid or not available
WARNING: [Board 49-26] cannot add Board Part xilinx.com:vmk180:part0:3.1 available at D:/Xilinx/Vivado/2023.2/data/xhub/boards/XilinxBoardStore/boards/Xilinx/vmk180/production/3.1/board.xml as part xcvm1802-vsva2197-2mp-e-s specified in board_part file is either invalid or not available
WARNING: [Board 49-26] cannot add Board Part xilinx.com:vmk180:part0:3.2 available at D:/Xilinx/Vivado/2023.2/data/xhub/boards/XilinxBoardStore/boards/Xilinx/vmk180/production/3.2/board.xml as part xcvm1802-vsva2197-2mp-e-s specified in board_part file is either invalid or not available
WARNING: [Board 49-26] cannot add Board Part xilinx.com:vmk180_newl:part0:1.0 available at D:/Xilinx/Vivado/2023.2/data/xhub/boards/XilinxBoardStore/boards/Xilinx/vmk180_newl/production/1.0/board.xml as part xcvm1802-vsva2197-2mp-e-s specified in board_part file is either invalid or not available
WARNING: [Board 49-26] cannot add Board Part xilinx.com:vmk180_newl:part0:1.1 available at D:/Xilinx/Vivado/2023.2/data/xhub/boards/XilinxBoardStore/boards/Xilinx/vmk180_newl/production/1.1/board.xml as part xcvm1802-vsva2197-2mp-e-s specified in board_part file is either invalid or not available
WARNING: [Board 49-26] cannot add Board Part xilinx.com:vpk120:part0:1.0 available at D:/Xilinx/Vivado/2023.2/data/xhub/boards/XilinxBoardStore/boards/Xilinx/vpk120/production/1.0/board.xml as part xcvp1202-vsva2785-2mp-e-s specified in board_part file is either invalid or not available
WARNING: [Board 49-26] cannot add Board Part xilinx.com:vpk120:part0:1.1 available at D:/Xilinx/Vivado/2023.2/data/xhub/boards/XilinxBoardStore/boards/Xilinx/vpk120/production/1.1/board.xml as part xcvp1202-vsva2785-2mp-e-s specified in board_part file is either invalid or not available
WARNING: [Board 49-26] cannot add Board Part xilinx.com:vpk120:part0:1.2 available at D:/Xilinx/Vivado/2023.2/data/xhub/boards/XilinxBoardStore/boards/Xilinx/vpk120/production/1.2/board.xml as part xcvp1202-vsva2785-2mp-e-s specified in board_part file is either invalid or not available
WARNING: [Board 49-26] cannot add Board Part xilinx.com:vpk180:part0:1.0 available at D:/Xilinx/Vivado/2023.2/data/xhub/boards/XilinxBoardStore/boards/Xilinx/vpk180/production/1.0/board.xml as part xcvp1802-lsvc4072-2mp-e-s specified in board_part file is either invalid or not available
WARNING: [Board 49-26] cannot add Board Part xilinx.com:vpk180:part0:1.1 available at D:/Xilinx/Vivado/2023.2/data/xhub/boards/XilinxBoardStore/boards/Xilinx/vpk180/production/1.1/board.xml as part xcvp1802-lsvc4072-2mp-e-s specified in board_part file is either invalid or not available
WARNING: [Board 49-26] cannot add Board Part xilinx.com:zc706:part0:1.4 available at D:/Xilinx/Vivado/2023.2/data/xhub/boards/XilinxBoardStore/boards/Xilinx/zc706/1.4/board.xml as part xc7z045ffg900-2 specified in board_part file is either invalid or not available
WARNING: [Board 49-26] cannot add Board Part xilinx.com:zcu102:part0:3.3 available at D:/Xilinx/Vivado/2023.2/data/xhub/boards/XilinxBoardStore/boards/Xilinx/zcu102/3.3/board.xml as part xczu9eg-ffvb1156-2-e specified in board_part file is either invalid or not available
WARNING: [Board 49-26] cannot add Board Part xilinx.com:zcu102:part0:3.4 available at D:/Xilinx/Vivado/2023.2/data/xhub/boards/XilinxBoardStore/boards/Xilinx/zcu102/3.4/board.xml as part xczu9eg-ffvb1156-2-e specified in board_part file is either invalid or not available
WARNING: [Board 49-26] cannot add Board Part xilinx.com:zcu111:part0:1.2 available at D:/Xilinx/Vivado/2023.2/data/xhub/boards/XilinxBoardStore/boards/Xilinx/zcu111/1.2/board.xml as part xczu28dr-ffvg1517-2-e specified in board_part file is either invalid or not available
WARNING: [Board 49-26] cannot add Board Part xilinx.com:zcu111:part0:1.3 available at D:/Xilinx/Vivado/2023.2/data/xhub/boards/XilinxBoardStore/boards/Xilinx/zcu111/1.3/board.xml as part xczu28dr-ffvg1517-2-e specified in board_part file is either invalid or not available
WARNING: [Board 49-26] cannot add Board Part xilinx.com:zcu111:part0:1.4 available at D:/Xilinx/Vivado/2023.2/data/xhub/boards/XilinxBoardStore/boards/Xilinx/zcu111/1.4/board.xml as part xczu28dr-ffvg1517-2-e specified in board_part file is either invalid or not available
WARNING: [Board 49-26] cannot add Board Part xilinx.com:zcu1275:part0:1.0 available at D:/Xilinx/Vivado/2023.2/data/xhub/boards/XilinxBoardStore/boards/Xilinx/zcu1275/1.0/board.xml as part xczu29dr-ffvf1760-2-e specified in board_part file is either invalid or not available
WARNING: [Board 49-26] cannot add Board Part xilinx.com:zcu1285:part0:1.0 available at D:/Xilinx/Vivado/2023.2/data/xhub/boards/XilinxBoardStore/boards/Xilinx/zcu1285/1.0/board.xml as part xczu39dr-ffvf1760-2-i specified in board_part file is either invalid or not available
WARNING: [Board 49-26] cannot add Board Part xilinx.com:zcu208:part0:2.0 available at D:/Xilinx/Vivado/2023.2/data/xhub/boards/XilinxBoardStore/boards/Xilinx/zcu208/production/2.0/board.xml as part xczu48dr-fsvg1517-2-e specified in board_part file is either invalid or not available
WARNING: [Board 49-26] cannot add Board Part xilinx.com:zcu208ld:part0:2.0 available at D:/Xilinx/Vivado/2023.2/data/xhub/boards/XilinxBoardStore/boards/Xilinx/zcu208ld/production/2.0/board.xml as part xczu58dr-fsvg1517-2-i specified in board_part file is either invalid or not available
WARNING: [Board 49-26] cannot add Board Part xilinx.com:zcu216:part0:2.0 available at D:/Xilinx/Vivado/2023.2/data/xhub/boards/XilinxBoardStore/boards/Xilinx/zcu216/production/2.0/board.xml as part xczu49dr-ffvf1760-2-e specified in board_part file is either invalid or not available
WARNING: [Board 49-26] cannot add Board Part xilinx.com:zcu216ld:part0:2.0 available at D:/Xilinx/Vivado/2023.2/data/xhub/boards/XilinxBoardStore/boards/Xilinx/zcu216ld/production/2.0/board.xml as part xczu59dr-ffvf1760-2-i specified in board_part file is either invalid or not available
WARNING: [Board 49-26] cannot add Board Part xilinx.com:zcu670:part0:2.0 available at D:/Xilinx/Vivado/2023.2/data/xhub/boards/XilinxBoardStore/boards/Xilinx/zcu670/2.0/board.xml as part xczu67dr-fsve1156-2-i specified in board_part file is either invalid or not available
WARNING: [Board 49-26] cannot add Board Part xilinx.com:zcu670ld:part0:1.0 available at D:/Xilinx/Vivado/2023.2/data/xhub/boards/XilinxBoardStore/boards/Xilinx/zcu670ld/1.0/board.xml as part xczu57dr-fsve1156-2-i specified in board_part file is either invalid or not available
INFO: [Project 1-313] Project file moved from 'C:/Users/shiningy/LASTONE' since last save.
CRITICAL WARNING: [Project 1-311] Could not find the file 'C:/Users/XTYAO/Desktop/551Final/EC551Project/FPGA_PROJECT/final/Block_Rom.v', nor could it be found using path 'C:/Users/shiningy/FPGA_PROJECT/final/Block_Rom.v'.
CRITICAL WARNING: [Project 1-311] Could not find the file 'C:/Users/XTYAO/Desktop/551Final/EC551Project/FPGA_PROJECT/final/VGA.v', nor could it be found using path 'C:/Users/shiningy/FPGA_PROJECT/final/VGA.v'.
CRITICAL WARNING: [Project 1-311] Could not find the file 'C:/Users/XTYAO/Desktop/551Final/EC551Project/FPGA_PROJECT/final/sobel.v', nor could it be found using path 'C:/Users/shiningy/FPGA_PROJECT/final/sobel.v'.
CRITICAL WARNING: [Project 1-311] Could not find the file 'C:/Users/XTYAO/Desktop/551Final/EC551Project/FPGA_PROJECT/final/new_top.v', nor could it be found using path 'C:/Users/shiningy/FPGA_PROJECT/final/new_top.v'.
Scanning sources...
Finished scanning sources
INFO: [IP_Flow 19-234] Refreshing IP repositories
INFO: [IP_Flow 19-1704] No user IP repositories specified
INFO: [IP_Flow 19-2313] Loaded Vivado IP repository 'D:/Xilinx/Vivado/2023.2/data/ip'.
WARNING: [BD 41-1661] One or more IPs have been locked in the design 'BRAM.bd'. Please run report_ip_status for more details and recommendations on how to fix this issue.
List of locked IPs:
BRAM_blk_mem_gen_0_0

INFO: [Project 1-230] Project 'LASTONE.xpr' upgraded for this version of Vivado.
open_project: Time (s): cpu = 00:00:10 ; elapsed = 00:00:09 . Memory (MB): peak = 1499.250 ; gain = 178.062
update_compile_order -fileset sources_1
update_files -from_files C:/Users/XTYAO/Desktop/551Final/EC551Project/LASTONE/Block_Rom.v -to_files C:/Users/XTYAO/Desktop/551Final/EC551Project/FPGA_PROJECT/final/Block_Rom.v -filesets [get_filesets *]
INFO: [filemgmt 20-762] Replacing file 'C:/Users/XTYAO/Desktop/551Final/EC551Project/FPGA_PROJECT/final/Block_Rom.v' with file 'C:/Users/XTYAO/Desktop/551Final/EC551Project/LASTONE/Block_Rom.v'.
update_files -from_files C:/Users/XTYAO/Desktop/551Final/EC551Project/LASTONE/VGA.v -to_files C:/Users/XTYAO/Desktop/551Final/EC551Project/FPGA_PROJECT/final/VGA.v -filesets [get_filesets *]
INFO: [filemgmt 20-762] Replacing file 'C:/Users/XTYAO/Desktop/551Final/EC551Project/FPGA_PROJECT/final/VGA.v' with file 'C:/Users/XTYAO/Desktop/551Final/EC551Project/LASTONE/VGA.v'.
update_files -from_files C:/Users/XTYAO/Desktop/551Final/EC551Project/LASTONE/new_top.v -to_files C:/Users/XTYAO/Desktop/551Final/EC551Project/FPGA_PROJECT/final/new_top.v -filesets [get_filesets *]
INFO: [filemgmt 20-762] Replacing file 'C:/Users/XTYAO/Desktop/551Final/EC551Project/FPGA_PROJECT/final/new_top.v' with file 'C:/Users/XTYAO/Desktop/551Final/EC551Project/LASTONE/new_top.v'.
update_files -from_files C:/Users/XTYAO/Desktop/551Final/EC551Project/LASTONE/sobel.v -to_files C:/Users/XTYAO/Desktop/551Final/EC551Project/FPGA_PROJECT/final/sobel.v -filesets [get_filesets *]
INFO: [filemgmt 20-762] Replacing file 'C:/Users/XTYAO/Desktop/551Final/EC551Project/FPGA_PROJECT/final/sobel.v' with file 'C:/Users/XTYAO/Desktop/551Final/EC551Project/LASTONE/sobel.v'.
add_files -norecurse C:/Users/XTYAO/Desktop/551Final/EC551Project/LASTONE/LASTONE.srcs/sources_1/bd/BRAM/BRAM.bd
CRITICAL WARNING: [Vivado 12-1462] The source file is already part of the fileset 'sources_1'. Requested source 'C:/Users/XTYAO/Desktop/551Final/EC551Project/LASTONE/LASTONE.srcs/sources_1/bd/BRAM/BRAM.bd' will not be added.
export_ip_user_files -of_objects  [get_files  C:/Users/XTYAO/Desktop/551Final/EC551Project/LASTONE/LASTONE.srcs/sources_1/bd/BRAM/BRAM.bd] -lib_map_path [list {modelsim=C:/Users/XTYAO/Desktop/551Final/EC551Project/LASTONE/LASTONE.cache/compile_simlib/modelsim} {questa=C:/Users/XTYAO/Desktop/551Final/EC551Project/LASTONE/LASTONE.cache/compile_simlib/questa} {riviera=C:/Users/XTYAO/Desktop/551Final/EC551Project/LASTONE/LASTONE.cache/compile_simlib/riviera} {activehdl=C:/Users/XTYAO/Desktop/551Final/EC551Project/LASTONE/LASTONE.cache/compile_simlib/activehdl}] -force -quiet
add_files -norecurse C:/Users/XTYAO/Desktop/551Final/EC551Project/LASTONE/LASTONE.srcs/sources_1/bd/BRAM/ip/BRAM_blk_mem_gen_0_0/BRAM_blk_mem_gen_0_0.xci
CRITICAL WARNING: [IP_Flow 19-3389] Failed to import IP file 'C:/Users/XTYAO/Desktop/551Final/EC551Project/LASTONE/LASTONE.srcs/sources_1/bd/BRAM/ip/BRAM_blk_mem_gen_0_0/BRAM_blk_mem_gen_0_0.xci': IP name 'BRAM_blk_mem_gen_0_0' is already in use in this project.  Please choose a different name.

CRITICAL WARNING: [Vivado 12-1464] The source file 'C:/Users/XTYAO/Desktop/551Final/EC551Project/LASTONE/LASTONE.srcs/sources_1/bd/BRAM/ip/BRAM_blk_mem_gen_0_0/BRAM_blk_mem_gen_0_0.xci' cannot be added to the fileset 'sources_1'.
export_ip_user_files -of_objects  [get_files C:/Users/XTYAO/Desktop/551Final/EC551Project/LASTONE/LASTONE.srcs/sources_1/bd/BRAM/BRAM.bd] -no_script -reset -force -quiet
export_ip_user_files -of_objects  [get_files C:/Users/XTYAO/Desktop/551Final/EC551Project/LASTONE/LASTONE.gen/sources_1/bd/BRAM/hdl/BRAM_wrapper.v] -no_script -reset -force -quiet
remove_files  {C:/Users/XTYAO/Desktop/551Final/EC551Project/LASTONE/LASTONE.srcs/sources_1/bd/BRAM/BRAM.bd C:/Users/XTYAO/Desktop/551Final/EC551Project/LASTONE/LASTONE.gen/sources_1/bd/BRAM/hdl/BRAM_wrapper.v}
update_compile_order -fileset sources_1
create_bd_design "BRAM"
Wrote  : <C:\Users\XTYAO\Desktop\551Final\EC551Project\LASTONE\LASTONE.srcs\sources_1\bd\BRAM\BRAM.bd> 
startgroup
create_bd_cell -type ip -vlnv xilinx.com:ip:blk_mem_gen:8.4 blk_mem_gen_0
endgroup
WARNING: [IP_Flow 19-4067] Ignoring invalid widget type specified checkbox.Providing a default widget
WARNING: [IP_Flow 19-4067] Ignoring invalid widget type specified checkbox.Providing a default widget
INFO: [IP_Flow 19-3484] Absolute path of file 'c:/Users/XTYAO/Desktop/551Final/EC551Project/LASTONE/coe.txt' provided. It will be converted relative to IP Instance files '../../../../coe.txt'
set_property -dict [list \
  CONFIG.Byte_Size {8} \
  CONFIG.Coe_File {C:/Users/XTYAO/Desktop/551Final/EC551Project/LASTONE/coe.txt} \
  CONFIG.Enable_A {Always_Enabled} \
  CONFIG.Enable_B {Always_Enabled} \
  CONFIG.Load_Init_File {true} \
  CONFIG.Memory_Type {Simple_Dual_Port_RAM} \
  CONFIG.Operating_Mode_A {READ_FIRST} \
  CONFIG.Use_Byte_Write_Enable {true} \
  CONFIG.Write_Depth_A {400000} \
  CONFIG.Write_Width_A {8} \
  CONFIG.use_bram_block {Stand_Alone} \
] [get_bd_cells blk_mem_gen_0]
INFO: [IP_Flow 19-3484] Absolute path of file 'c:/Users/XTYAO/Desktop/551Final/EC551Project/LASTONE/coe.txt' provided. It will be converted relative to IP Instance files '../../../../../../coe.txt'
startgroup
make_bd_pins_external  [get_bd_cells blk_mem_gen_0]
make_bd_intf_pins_external  [get_bd_cells blk_mem_gen_0]
endgroup
make_wrapper -files [get_files C:/Users/XTYAO/Desktop/551Final/EC551Project/LASTONE/LASTONE.srcs/sources_1/bd/BRAM/BRAM.bd] -top
WARNING: [BD 41-2180] Resetting the memory initialization file of </blk_mem_gen_0> to default.
Wrote  : <C:\Users\XTYAO\Desktop\551Final\EC551Project\LASTONE\LASTONE.srcs\sources_1\bd\BRAM\BRAM.bd> 
Wrote  : <C:/Users/XTYAO/Desktop/551Final/EC551Project/LASTONE/LASTONE.srcs/sources_1/bd/BRAM/ui/bd_6f7c369c.ui> 
Verilog Output written to : C:/Users/XTYAO/Desktop/551Final/EC551Project/LASTONE/LASTONE.gen/sources_1/bd/BRAM/synth/BRAM.v
Verilog Output written to : C:/Users/XTYAO/Desktop/551Final/EC551Project/LASTONE/LASTONE.gen/sources_1/bd/BRAM/sim/BRAM.v
Verilog Output written to : C:/Users/XTYAO/Desktop/551Final/EC551Project/LASTONE/LASTONE.gen/sources_1/bd/BRAM/hdl/BRAM_wrapper.v
add_files -norecurse c:/Users/XTYAO/Desktop/551Final/EC551Project/LASTONE/LASTONE.gen/sources_1/bd/BRAM/hdl/BRAM_wrapper.v
update_compile_order -fileset sources_1
reset_run synth_1
INFO: [Project 1-1161] Replacing file C:/Users/XTYAO/Desktop/551Final/EC551Project/LASTONE/LASTONE.srcs/utils_1/imports/synth_1/new_top.dcp with file C:/Users/XTYAO/Desktop/551Final/EC551Project/LASTONE/LASTONE.runs/synth_1/new_top.dcp
launch_runs synth_1 -jobs 16
INFO: [BD 41-1662] The design 'BRAM.bd' is already validated. Therefore parameter propagation will not be re-run.
Verilog Output written to : C:/Users/XTYAO/Desktop/551Final/EC551Project/LASTONE/LASTONE.gen/sources_1/bd/BRAM/synth/BRAM.v
Verilog Output written to : C:/Users/XTYAO/Desktop/551Final/EC551Project/LASTONE/LASTONE.gen/sources_1/bd/BRAM/sim/BRAM.v
Verilog Output written to : C:/Users/XTYAO/Desktop/551Final/EC551Project/LASTONE/LASTONE.gen/sources_1/bd/BRAM/hdl/BRAM_wrapper.v
INFO: [BD 41-1029] Generation completed for the IP Integrator block blk_mem_gen_0 .
Exporting to file C:/Users/XTYAO/Desktop/551Final/EC551Project/LASTONE/LASTONE.gen/sources_1/bd/BRAM/hw_handoff/BRAM.hwh
Generated Hardware Definition File C:/Users/XTYAO/Desktop/551Final/EC551Project/LASTONE/LASTONE.gen/sources_1/bd/BRAM/synth/BRAM.hwdef
INFO: [IP_Flow 19-6924] IPCACHE: Running cache check for IP inst: BRAM_blk_mem_gen_0_0
[Tue Dec 12 16:53:28 2023] Launched BRAM_blk_mem_gen_0_0_synth_1...
Run output will be captured here: C:/Users/XTYAO/Desktop/551Final/EC551Project/LASTONE/LASTONE.runs/BRAM_blk_mem_gen_0_0_synth_1/runme.log
[Tue Dec 12 16:53:28 2023] Launched synth_1...
Run output will be captured here: C:/Users/XTYAO/Desktop/551Final/EC551Project/LASTONE/LASTONE.runs/synth_1/runme.log
launch_runs: Time (s): cpu = 00:00:14 ; elapsed = 00:00:18 . Memory (MB): peak = 1903.734 ; gain = 1.656
launch_runs impl_1 -jobs 16
[Tue Dec 12 16:56:29 2023] Launched impl_1...
Run output will be captured here: C:/Users/XTYAO/Desktop/551Final/EC551Project/LASTONE/LASTONE.runs/impl_1/runme.log
launch_runs impl_1 -to_step write_bitstream -jobs 16
[Tue Dec 12 16:58:33 2023] Launched impl_1...
Run output will be captured here: C:/Users/XTYAO/Desktop/551Final/EC551Project/LASTONE/LASTONE.runs/impl_1/runme.log
open_hw_manager
connect_hw_server -allow_non_jtag
INFO: [Labtools 27-2285] Connecting to hw_server url TCP:localhost:3121
INFO: [Labtools 27-3415] Connecting to cs_server url TCP:localhost:0
INFO: [Labtools 27-3417] Launching cs_server...
INFO: [Labtools 27-2221] Launch Output:
ECHO is off.
ECHO is off.


******** Xilinx cs_server v2023.2.0
  ****** Build date   : Oct 10 2023-00:01:56
    **** Build number : 2023.2.1696910516
      ** Copyright 2017-2022 Xilinx, Inc. All Rights Reserved.
      ** Copyright 2022-2023 Advanced Micro Devices, Inc. All Rights Reserved.



open_hw_target
INFO: [Labtoolstcl 44-466] Opening hw_target localhost:3121/xilinx_tcf/Digilent/210292ABF413A
set_property PROGRAM.FILE {C:/Users/XTYAO/Desktop/551Final/EC551Project/LASTONE/LASTONE.runs/impl_1/new_top.bit} [get_hw_devices xc7a100t_0]
current_hw_device [get_hw_devices xc7a100t_0]
refresh_hw_device -update_hw_probes false [lindex [get_hw_devices xc7a100t_0] 0]
INFO: [Labtools 27-1435] Device xc7a100t (JTAG device index = 0) is not programmed (DONE status = 0).
set_property PROBES.FILE {} [get_hw_devices xc7a100t_0]
set_property FULL_PROBES.FILE {} [get_hw_devices xc7a100t_0]
set_property PROGRAM.FILE {C:/Users/XTYAO/Desktop/551Final/EC551Project/LASTONE/LASTONE.runs/impl_1/new_top.bit} [get_hw_devices xc7a100t_0]
program_hw_devices [get_hw_devices xc7a100t_0]
INFO: [Labtools 27-3164] End of startup status: HIGH
refresh_hw_device [lindex [get_hw_devices xc7a100t_0] 0]
INFO: [Labtools 27-1434] Device xc7a100t (JTAG device index = 0) is programmed with a design that has no supported debug core(s) in it.
ERROR: [Labtoolstcl 44-513] HW Target shutdown. Closing target: localhost:3121/xilinx_tcf/Digilent/210292ABF413A
disconnect_hw_server localhost:3121
connect_hw_server -allow_non_jtag
INFO: [Labtools 27-2285] Connecting to hw_server url TCP:localhost:3121
INFO: [Labtools 27-3415] Connecting to cs_server url TCP:localhost:0
INFO: [Labtools 27-3417] Launching cs_server...
INFO: [Labtools 27-2221] Launch Output:
ECHO is off.
ECHO is off.


******** Xilinx cs_server v2023.2.0
  ****** Build date   : Oct 10 2023-00:01:56
    **** Build number : 2023.2.1696910516
      ** Copyright 2017-2022 Xilinx, Inc. All Rights Reserved.
      ** Copyright 2022-2023 Advanced Micro Devices, Inc. All Rights Reserved.



open_hw_target
INFO: [Labtoolstcl 44-466] Opening hw_target localhost:3121/xilinx_tcf/Digilent/210292ABF3FBA
ERROR: [Labtools 27-2269] No devices detected on target localhost:3121/xilinx_tcf/Digilent/210292ABF3FBA.
Check cable connectivity and that the target board is powered up then
use the disconnect_hw_server and connect_hw_server to re-register this hardware target.
ERROR: [Common 17-39] 'open_hw_target' failed due to earlier errors.
refresh_hw_target {localhost:3121/xilinx_tcf/Digilent/210292ABF3FBA}
set_property PROBES.FILE {} [get_hw_devices xc7a100t_0]
set_property FULL_PROBES.FILE {} [get_hw_devices xc7a100t_0]
set_property PROGRAM.FILE {C:/Users/XTYAO/Desktop/551Final/EC551Project/LASTONE/LASTONE.runs/impl_1/new_top.bit} [get_hw_devices xc7a100t_0]
program_hw_devices [get_hw_devices xc7a100t_0]
INFO: [Labtools 27-3164] End of startup status: HIGH
refresh_hw_device [lindex [get_hw_devices xc7a100t_0] 0]
INFO: [Labtools 27-1434] Device xc7a100t (JTAG device index = 0) is programmed with a design that has no supported debug core(s) in it.
close_hw_manager
update_compile_order -fileset sources_1
WARNING: [filemgmt 56-199] Attempt to get parsing info during refresh. "On-the-fly" syntax checking information may be incorrect. [C:\Users\XTYAO\Desktop\551Final\EC551Project\LASTONE\new_top.v:]
WARNING: [filemgmt 56-199] Attempt to get parsing info during refresh. "On-the-fly" syntax checking information may be incorrect. [C:\Users\XTYAO\Desktop\551Final\EC551Project\LASTONE\sobel.v:]
ERROR: [Common 17-180] Spawn failed: No error
update_compile_order -fileset sources_1
WARNING: [filemgmt 56-199] Attempt to get parsing info during refresh. "On-the-fly" syntax checking information may be incorrect. [C:\Users\XTYAO\Desktop\551Final\EC551Project\LASTONE\new_top.v:]
WARNING: [filemgmt 56-199] Attempt to get parsing info during refresh. "On-the-fly" syntax checking information may be incorrect. [C:\Users\XTYAO\Desktop\551Final\EC551Project\LASTONE\sobel.v:]
ERROR: [Common 17-180] Spawn failed: No error
reset_run synth_1
INFO: [Project 1-1161] Replacing file C:/Users/XTYAO/Desktop/551Final/EC551Project/LASTONE/LASTONE.srcs/utils_1/imports/synth_1/new_top.dcp with file C:/Users/XTYAO/Desktop/551Final/EC551Project/LASTONE/LASTONE.runs/synth_1/new_top.dcp
launch_runs impl_1 -to_step write_bitstream -jobs 16
[Tue Dec 12 17:05:59 2023] Launched synth_1...
Run output will be captured here: C:/Users/XTYAO/Desktop/551Final/EC551Project/LASTONE/LASTONE.runs/synth_1/runme.log
[Tue Dec 12 17:05:59 2023] Launched impl_1...
Run output will be captured here: C:/Users/XTYAO/Desktop/551Final/EC551Project/LASTONE/LASTONE.runs/impl_1/runme.log
WARNING: [filemgmt 56-199] Attempt to get parsing info during refresh. "On-the-fly" syntax checking information may be incorrect. [C:\Users\XTYAO\Desktop\551Final\EC551Project\LASTONE\new_top.v:]
WARNING: [filemgmt 56-199] Attempt to get parsing info during refresh. "On-the-fly" syntax checking information may be incorrect. [C:\Users\XTYAO\Desktop\551Final\EC551Project\LASTONE\sobel.v:]
ERROR: [Common 17-180] Spawn failed: No error
open_hw_manager
connect_hw_server -allow_non_jtag
INFO: [Labtools 27-2285] Connecting to hw_server url TCP:localhost:3121
INFO: [Labtools 27-3415] Connecting to cs_server url TCP:localhost:0
INFO: [Labtools 27-3417] Launching cs_server...
INFO: [Labtools 27-2221] Launch Output:
ECHO is off.
ECHO is off.


******** Xilinx cs_server v2023.2.0
  ****** Build date   : Oct 10 2023-00:01:56
    **** Build number : 2023.2.1696910516
      ** Copyright 2017-2022 Xilinx, Inc. All Rights Reserved.
      ** Copyright 2022-2023 Advanced Micro Devices, Inc. All Rights Reserved.



open_hw_target
INFO: [Labtoolstcl 44-466] Opening hw_target localhost:3121/xilinx_tcf/Digilent/210292ABF3FBA
set_property PROGRAM.FILE {C:/Users/XTYAO/Desktop/551Final/EC551Project/LASTONE/LASTONE.runs/impl_1/new_top.bit} [get_hw_devices xc7a100t_0]
current_hw_device [get_hw_devices xc7a100t_0]
refresh_hw_device -update_hw_probes false [lindex [get_hw_devices xc7a100t_0] 0]
INFO: [Labtools 27-1435] Device xc7a100t (JTAG device index = 0) is not programmed (DONE status = 0).
set_property PROBES.FILE {} [get_hw_devices xc7a100t_0]
set_property FULL_PROBES.FILE {} [get_hw_devices xc7a100t_0]
set_property PROGRAM.FILE {C:/Users/XTYAO/Desktop/551Final/EC551Project/LASTONE/LASTONE.runs/impl_1/new_top.bit} [get_hw_devices xc7a100t_0]
program_hw_devices [get_hw_devices xc7a100t_0]
INFO: [Labtools 27-3164] End of startup status: HIGH
refresh_hw_device [lindex [get_hw_devices xc7a100t_0] 0]
INFO: [Labtools 27-1434] Device xc7a100t (JTAG device index = 0) is programmed with a design that has no supported debug core(s) in it.
close_hw_manager
WARNING: [filemgmt 56-199] Attempt to get parsing info during refresh. "On-the-fly" syntax checking information may be incorrect. [C:\Users\XTYAO\Desktop\551Final\EC551Project\LASTONE\Block_Rom.v:]
WARNING: [filemgmt 56-199] Attempt to get parsing info during refresh. "On-the-fly" syntax checking information may be incorrect. [C:\Users\XTYAO\Desktop\551Final\EC551Project\LASTONE\new_top.v:]
WARNING: [filemgmt 56-199] Attempt to get parsing info during refresh. "On-the-fly" syntax checking information may be incorrect. [C:\Users\XTYAO\Desktop\551Final\EC551Project\LASTONE\sobel.v:]
WARNING: [filemgmt 56-199] Attempt to get parsing info during refresh. "On-the-fly" syntax checking information may be incorrect. [C:\Users\XTYAO\Desktop\551Final\EC551Project\LASTONE\Block_Rom.v:]
WARNING: [filemgmt 56-199] Attempt to get parsing info during refresh. "On-the-fly" syntax checking information may be incorrect. [C:\Users\XTYAO\Desktop\551Final\EC551Project\LASTONE\new_top.v:]
WARNING: [filemgmt 56-199] Attempt to get parsing info during refresh. "On-the-fly" syntax checking information may be incorrect. [C:\Users\XTYAO\Desktop\551Final\EC551Project\LASTONE\sobel.v:]
ERROR: [Common 17-180] Spawn failed: No error
update_compile_order -fileset sources_1
WARNING: [filemgmt 56-199] Attempt to get parsing info during refresh. "On-the-fly" syntax checking information may be incorrect. [C:\Users\XTYAO\Desktop\551Final\EC551Project\LASTONE\Block_Rom.v:]
WARNING: [filemgmt 56-199] Attempt to get parsing info during refresh. "On-the-fly" syntax checking information may be incorrect. [C:\Users\XTYAO\Desktop\551Final\EC551Project\LASTONE\new_top.v:]
WARNING: [filemgmt 56-199] Attempt to get parsing info during refresh. "On-the-fly" syntax checking information may be incorrect. [C:\Users\XTYAO\Desktop\551Final\EC551Project\LASTONE\sobel.v:]
WARNING: [filemgmt 56-199] Attempt to get parsing info during refresh. "On-the-fly" syntax checking information may be incorrect. [C:\Users\XTYAO\Desktop\551Final\EC551Project\LASTONE\Block_Rom.v:]
WARNING: [filemgmt 56-199] Attempt to get parsing info during refresh. "On-the-fly" syntax checking information may be incorrect. [C:\Users\XTYAO\Desktop\551Final\EC551Project\LASTONE\new_top.v:]
WARNING: [filemgmt 56-199] Attempt to get parsing info during refresh. "On-the-fly" syntax checking information may be incorrect. [C:\Users\XTYAO\Desktop\551Final\EC551Project\LASTONE\sobel.v:]
WARNING: [filemgmt 56-199] Attempt to get parsing info during refresh. "On-the-fly" syntax checking information may be incorrect. [C:\Users\XTYAO\Desktop\551Final\EC551Project\LASTONE\Block_Rom.v:]
WARNING: [filemgmt 56-199] Attempt to get parsing info during refresh. "On-the-fly" syntax checking information may be incorrect. [C:\Users\XTYAO\Desktop\551Final\EC551Project\LASTONE\new_top.v:]
WARNING: [filemgmt 56-199] Attempt to get parsing info during refresh. "On-the-fly" syntax checking information may be incorrect. [C:\Users\XTYAO\Desktop\551Final\EC551Project\LASTONE\sobel.v:]
WARNING: [filemgmt 56-199] Attempt to get parsing info during refresh. "On-the-fly" syntax checking information may be incorrect. [C:\Users\XTYAO\Desktop\551Final\EC551Project\LASTONE\Block_Rom.v:]
WARNING: [filemgmt 56-199] Attempt to get parsing info during refresh. "On-the-fly" syntax checking information may be incorrect. [C:\Users\XTYAO\Desktop\551Final\EC551Project\LASTONE\new_top.v:]
WARNING: [filemgmt 56-199] Attempt to get parsing info during refresh. "On-the-fly" syntax checking information may be incorrect. [C:\Users\XTYAO\Desktop\551Final\EC551Project\LASTONE\sobel.v:]
WARNING: [filemgmt 56-199] Attempt to get parsing info during refresh. "On-the-fly" syntax checking information may be incorrect. [C:\Users\XTYAO\Desktop\551Final\EC551Project\LASTONE\Block_Rom.v:]
WARNING: [filemgmt 56-199] Attempt to get parsing info during refresh. "On-the-fly" syntax checking information may be incorrect. [C:\Users\XTYAO\Desktop\551Final\EC551Project\LASTONE\new_top.v:]
WARNING: [filemgmt 56-199] Attempt to get parsing info during refresh. "On-the-fly" syntax checking information may be incorrect. [C:\Users\XTYAO\Desktop\551Final\EC551Project\LASTONE\sobel.v:]
WARNING: [filemgmt 56-199] Attempt to get parsing info during refresh. "On-the-fly" syntax checking information may be incorrect. [C:\Users\XTYAO\Desktop\551Final\EC551Project\LASTONE\Block_Rom.v:]
WARNING: [filemgmt 56-199] Attempt to get parsing info during refresh. "On-the-fly" syntax checking information may be incorrect. [C:\Users\XTYAO\Desktop\551Final\EC551Project\LASTONE\new_top.v:]
WARNING: [filemgmt 56-199] Attempt to get parsing info during refresh. "On-the-fly" syntax checking information may be incorrect. [C:\Users\XTYAO\Desktop\551Final\EC551Project\LASTONE\sobel.v:]
update_compile_order -fileset sources_1
WARNING: [filemgmt 56-199] Attempt to get parsing info during refresh. "On-the-fly" syntax checking information may be incorrect. [C:\Users\XTYAO\Desktop\551Final\EC551Project\LASTONE\Block_Rom.v:]
WARNING: [filemgmt 56-199] Attempt to get parsing info during refresh. "On-the-fly" syntax checking information may be incorrect. [C:\Users\XTYAO\Desktop\551Final\EC551Project\LASTONE\new_top.v:]
WARNING: [filemgmt 56-199] Attempt to get parsing info during refresh. "On-the-fly" syntax checking information may be incorrect. [C:\Users\XTYAO\Desktop\551Final\EC551Project\LASTONE\sobel.v:]
WARNING: [filemgmt 56-199] Attempt to get parsing info during refresh. "On-the-fly" syntax checking information may be incorrect. [C:\Users\XTYAO\Desktop\551Final\EC551Project\LASTONE\Block_Rom.v:]
WARNING: [filemgmt 56-199] Attempt to get parsing info during refresh. "On-the-fly" syntax checking information may be incorrect. [C:\Users\XTYAO\Desktop\551Final\EC551Project\LASTONE\new_top.v:]
WARNING: [filemgmt 56-199] Attempt to get parsing info during refresh. "On-the-fly" syntax checking information may be incorrect. [C:\Users\XTYAO\Desktop\551Final\EC551Project\LASTONE\sobel.v:]
WARNING: [filemgmt 56-199] Attempt to get parsing info during refresh. "On-the-fly" syntax checking information may be incorrect. [C:\Users\XTYAO\Desktop\551Final\EC551Project\LASTONE\Block_Rom.v:]
WARNING: [filemgmt 56-199] Attempt to get parsing info during refresh. "On-the-fly" syntax checking information may be incorrect. [C:\Users\XTYAO\Desktop\551Final\EC551Project\LASTONE\new_top.v:]
WARNING: [filemgmt 56-199] Attempt to get parsing info during refresh. "On-the-fly" syntax checking information may be incorrect. [C:\Users\XTYAO\Desktop\551Final\EC551Project\LASTONE\sobel.v:]
WARNING: [filemgmt 56-199] Attempt to get parsing info during refresh. "On-the-fly" syntax checking information may be incorrect. [c:\Users\XTYAO\Desktop\551Final\EC551Project\LASTONE\LASTONE.gen\sources_1\bd\BRAM\synth\BRAM.v:]
WARNING: [filemgmt 56-199] Attempt to get parsing info during refresh. "On-the-fly" syntax checking information may be incorrect. [C:\Users\XTYAO\Desktop\551Final\EC551Project\LASTONE\Block_Rom.v:]
WARNING: [filemgmt 56-199] Attempt to get parsing info during refresh. "On-the-fly" syntax checking information may be incorrect. [C:\Users\XTYAO\Desktop\551Final\EC551Project\LASTONE\new_top.v:]
WARNING: [filemgmt 56-199] Attempt to get parsing info during refresh. "On-the-fly" syntax checking information may be incorrect. [C:\Users\XTYAO\Desktop\551Final\EC551Project\LASTONE\sobel.v:]
WARNING: [filemgmt 56-199] Attempt to get parsing info during refresh. "On-the-fly" syntax checking information may be incorrect. [c:\Users\XTYAO\Desktop\551Final\EC551Project\LASTONE\LASTONE.gen\sources_1\bd\BRAM\synth\BRAM.v:]
ERROR: [Common 17-180] Spawn failed: No error
WARNING: [filemgmt 56-199] Attempt to get parsing info during refresh. "On-the-fly" syntax checking information may be incorrect. [C:\Users\XTYAO\Desktop\551Final\EC551Project\LASTONE\Block_Rom.v:]
WARNING: [filemgmt 56-199] Attempt to get parsing info during refresh. "On-the-fly" syntax checking information may be incorrect. [C:\Users\XTYAO\Desktop\551Final\EC551Project\LASTONE\new_top.v:]
WARNING: [filemgmt 56-199] Attempt to get parsing info during refresh. "On-the-fly" syntax checking information may be incorrect. [C:\Users\XTYAO\Desktop\551Final\EC551Project\LASTONE\sobel.v:]
WARNING: [filemgmt 56-199] Attempt to get parsing info during refresh. "On-the-fly" syntax checking information may be incorrect. [c:\Users\XTYAO\Desktop\551Final\EC551Project\LASTONE\LASTONE.gen\sources_1\bd\BRAM\synth\BRAM.v:]
ERROR: [Common 17-180] Spawn failed: No error
update_compile_order -fileset sources_1
WARNING: [filemgmt 56-199] Attempt to get parsing info during refresh. "On-the-fly" syntax checking information may be incorrect. [C:\Users\XTYAO\Desktop\551Final\EC551Project\LASTONE\Block_Rom.v:]
WARNING: [filemgmt 56-199] Attempt to get parsing info during refresh. "On-the-fly" syntax checking information may be incorrect. [C:\Users\XTYAO\Desktop\551Final\EC551Project\LASTONE\new_top.v:]
WARNING: [filemgmt 56-199] Attempt to get parsing info during refresh. "On-the-fly" syntax checking information may be incorrect. [C:\Users\XTYAO\Desktop\551Final\EC551Project\LASTONE\sobel.v:]
WARNING: [filemgmt 56-199] Attempt to get parsing info during refresh. "On-the-fly" syntax checking information may be incorrect. [c:\Users\XTYAO\Desktop\551Final\EC551Project\LASTONE\LASTONE.gen\sources_1\bd\BRAM\synth\BRAM.v:]
WARNING: [filemgmt 56-199] Attempt to get parsing info during refresh. "On-the-fly" syntax checking information may be incorrect. [C:\Users\XTYAO\Desktop\551Final\EC551Project\LASTONE\Block_Rom.v:]
WARNING: [filemgmt 56-199] Attempt to get parsing info during refresh. "On-the-fly" syntax checking information may be incorrect. [C:\Users\XTYAO\Desktop\551Final\EC551Project\LASTONE\new_top.v:]
WARNING: [filemgmt 56-199] Attempt to get parsing info during refresh. "On-the-fly" syntax checking information may be incorrect. [C:\Users\XTYAO\Desktop\551Final\EC551Project\LASTONE\sobel.v:]
WARNING: [filemgmt 56-199] Attempt to get parsing info during refresh. "On-the-fly" syntax checking information may be incorrect. [c:\Users\XTYAO\Desktop\551Final\EC551Project\LASTONE\LASTONE.gen\sources_1\bd\BRAM\synth\BRAM.v:]
ERROR: [Common 17-180] Spawn failed: No error
WARNING: [filemgmt 56-199] Attempt to get parsing info during refresh. "On-the-fly" syntax checking information may be incorrect. [C:\Users\XTYAO\Desktop\551Final\EC551Project\LASTONE\Block_Rom.v:]
WARNING: [filemgmt 56-199] Attempt to get parsing info during refresh. "On-the-fly" syntax checking information may be incorrect. [C:\Users\XTYAO\Desktop\551Final\EC551Project\LASTONE\new_top.v:]
WARNING: [filemgmt 56-199] Attempt to get parsing info during refresh. "On-the-fly" syntax checking information may be incorrect. [C:\Users\XTYAO\Desktop\551Final\EC551Project\LASTONE\sobel.v:]
WARNING: [filemgmt 56-199] Attempt to get parsing info during refresh. "On-the-fly" syntax checking information may be incorrect. [c:\Users\XTYAO\Desktop\551Final\EC551Project\LASTONE\LASTONE.gen\sources_1\bd\BRAM\synth\BRAM.v:]
reset_run synth_1
INFO: [Project 1-1161] Replacing file C:/Users/XTYAO/Desktop/551Final/EC551Project/LASTONE/LASTONE.srcs/utils_1/imports/synth_1/new_top.dcp with file C:/Users/XTYAO/Desktop/551Final/EC551Project/LASTONE/LASTONE.runs/synth_1/new_top.dcp
ERROR: [Common 17-180] Spawn failed: No error
WARNING: [filemgmt 56-199] Attempt to get parsing info during refresh. "On-the-fly" syntax checking information may be incorrect. [C:\Users\XTYAO\Desktop\551Final\EC551Project\LASTONE\Block_Rom.v:]
WARNING: [filemgmt 56-199] Attempt to get parsing info during refresh. "On-the-fly" syntax checking information may be incorrect. [C:\Users\XTYAO\Desktop\551Final\EC551Project\LASTONE\new_top.v:]
WARNING: [filemgmt 56-199] Attempt to get parsing info during refresh. "On-the-fly" syntax checking information may be incorrect. [C:\Users\XTYAO\Desktop\551Final\EC551Project\LASTONE\sobel.v:]
WARNING: [filemgmt 56-199] Attempt to get parsing info during refresh. "On-the-fly" syntax checking information may be incorrect. [c:\Users\XTYAO\Desktop\551Final\EC551Project\LASTONE\LASTONE.gen\sources_1\bd\BRAM\synth\BRAM.v:]
WARNING: [filemgmt 56-199] Attempt to get parsing info during refresh. "On-the-fly" syntax checking information may be incorrect. [C:\Users\XTYAO\Desktop\551Final\EC551Project\LASTONE\Block_Rom.v:]
WARNING: [filemgmt 56-199] Attempt to get parsing info during refresh. "On-the-fly" syntax checking information may be incorrect. [C:\Users\XTYAO\Desktop\551Final\EC551Project\LASTONE\new_top.v:]
WARNING: [filemgmt 56-199] Attempt to get parsing info during refresh. "On-the-fly" syntax checking information may be incorrect. [C:\Users\XTYAO\Desktop\551Final\EC551Project\LASTONE\sobel.v:]
WARNING: [filemgmt 56-199] Attempt to get parsing info during refresh. "On-the-fly" syntax checking information may be incorrect. [c:\Users\XTYAO\Desktop\551Final\EC551Project\LASTONE\LASTONE.gen\sources_1\bd\BRAM\synth\BRAM.v:]
ERROR: [Common 17-180] Spawn failed: No error
WARNING: [filemgmt 56-199] Attempt to get parsing info during refresh. "On-the-fly" syntax checking information may be incorrect. [C:\Users\XTYAO\Desktop\551Final\EC551Project\LASTONE\Block_Rom.v:]
WARNING: [filemgmt 56-199] Attempt to get parsing info during refresh. "On-the-fly" syntax checking information may be incorrect. [C:\Users\XTYAO\Desktop\551Final\EC551Project\LASTONE\new_top.v:]
WARNING: [filemgmt 56-199] Attempt to get parsing info during refresh. "On-the-fly" syntax checking information may be incorrect. [C:\Users\XTYAO\Desktop\551Final\EC551Project\LASTONE\sobel.v:]
WARNING: [filemgmt 56-199] Attempt to get parsing info during refresh. "On-the-fly" syntax checking information may be incorrect. [c:\Users\XTYAO\Desktop\551Final\EC551Project\LASTONE\LASTONE.gen\sources_1\bd\BRAM\synth\BRAM.v:]
ERROR: [Common 17-180] Spawn failed: No error
launch_runs synth_1 -jobs 16
[Tue Dec 12 17:15:21 2023] Launched synth_1...
Run output will be captured here: C:/Users/XTYAO/Desktop/551Final/EC551Project/LASTONE/LASTONE.runs/synth_1/runme.log
launch_runs impl_1 -jobs 16
[Tue Dec 12 17:16:16 2023] Launched impl_1...
Run output will be captured here: C:/Users/XTYAO/Desktop/551Final/EC551Project/LASTONE/LASTONE.runs/impl_1/runme.log
reset_run impl_1
launch_runs impl_1 -jobs 16
[Tue Dec 12 17:16:36 2023] Launched impl_1...
Run output will be captured here: C:/Users/XTYAO/Desktop/551Final/EC551Project/LASTONE/LASTONE.runs/impl_1/runme.log
launch_runs impl_1 -to_step write_bitstream -jobs 16
[Tue Dec 12 17:17:51 2023] Launched impl_1...
Run output will be captured here: C:/Users/XTYAO/Desktop/551Final/EC551Project/LASTONE/LASTONE.runs/impl_1/runme.log
open_run impl_1
INFO: [Device 21-403] Loading part xc7a100tcsg324-1
Netlist sorting complete. Time (s): cpu = 00:00:00 ; elapsed = 00:00:00.001 . Memory (MB): peak = 2186.082 ; gain = 0.000
INFO: [Netlist 29-17] Analyzing 18 Unisim elements for replacement
INFO: [Netlist 29-28] Unisim Transformation completed in 0 CPU seconds
INFO: [Project 1-479] Netlist was created with Vivado 2023.2
INFO: [Project 1-570] Preparing netlist for logic optimization
Read ShapeDB Complete: Time (s): cpu = 00:00:00 ; elapsed = 00:00:00.003 . Memory (MB): peak = 2275.555 ; gain = 0.000
INFO: [Timing 38-478] Restoring timing data from binary archive.
INFO: [Timing 38-479] Binary timing data restore complete.
INFO: [Project 1-856] Restoring constraints from binary archive.
INFO: [Project 1-853] Binary constraint restore complete.
INFO: [Designutils 20-5722] Start Reading Physical Databases.
Reading placement.
Read Netlist Cache: Time (s): cpu = 00:00:00 ; elapsed = 00:00:00.001 . Memory (MB): peak = 2881.152 ; gain = 0.000
Reading placer database...
Read Device Cache: Time (s): cpu = 00:00:00 ; elapsed = 00:00:00.007 . Memory (MB): peak = 2881.152 ; gain = 0.000
Read PlaceDB: Time (s): cpu = 00:00:00 ; elapsed = 00:00:00.006 . Memory (MB): peak = 2881.152 ; gain = 0.000
Read PulsedLatchDB: Time (s): cpu = 00:00:00 ; elapsed = 00:00:00 . Memory (MB): peak = 2881.152 ; gain = 0.000
Reading routing.
Read RouteStorage: Time (s): cpu = 00:00:00 ; elapsed = 00:00:00.007 . Memory (MB): peak = 2881.152 ; gain = 0.000
Read Physdb Files: Time (s): cpu = 00:00:00 ; elapsed = 00:00:00.029 . Memory (MB): peak = 2881.152 ; gain = 0.000
Restored from archive | CPU: 0.000000 secs | Memory: 0.000000 MB |
Finished XDEF File Restore: Time (s): cpu = 00:00:00 ; elapsed = 00:00:00.029 . Memory (MB): peak = 2881.152 ; gain = 0.000
Netlist sorting complete. Time (s): cpu = 00:00:00 ; elapsed = 00:00:00 . Memory (MB): peak = 2881.152 ; gain = 0.000
INFO: [Project 1-111] Unisim Transformation Summary:
No Unisim elements were transformed.

open_run: Time (s): cpu = 00:00:10 ; elapsed = 00:00:11 . Memory (MB): peak = 3024.277 ; gain = 961.531
open_hw_manager
connect_hw_server -allow_non_jtag
INFO: [Labtools 27-2285] Connecting to hw_server url TCP:localhost:3121
INFO: [Labtools 27-3415] Connecting to cs_server url TCP:localhost:0
INFO: [Labtools 27-3417] Launching cs_server...
INFO: [Labtools 27-2221] Launch Output:
ECHO is off.
ECHO is off.


******** Xilinx cs_server v2023.2.0
  ****** Build date   : Oct 10 2023-00:01:56
    **** Build number : 2023.2.1696910516
      ** Copyright 2017-2022 Xilinx, Inc. All Rights Reserved.
      ** Copyright 2022-2023 Advanced Micro Devices, Inc. All Rights Reserved.



open_hw_target
INFO: [Labtoolstcl 44-466] Opening hw_target localhost:3121/xilinx_tcf/Digilent/210292ABF3FBA
set_property PROGRAM.FILE {C:/Users/XTYAO/Desktop/551Final/EC551Project/LASTONE/LASTONE.runs/impl_1/new_top.bit} [get_hw_devices xc7a100t_0]
current_hw_device [get_hw_devices xc7a100t_0]
refresh_hw_device -update_hw_probes false [lindex [get_hw_devices xc7a100t_0] 0]
INFO: [Labtools 27-1435] Device xc7a100t (JTAG device index = 0) is not programmed (DONE status = 0).
set_property PROBES.FILE {} [get_hw_devices xc7a100t_0]
set_property FULL_PROBES.FILE {} [get_hw_devices xc7a100t_0]
set_property PROGRAM.FILE {C:/Users/XTYAO/Desktop/551Final/EC551Project/LASTONE/LASTONE.runs/impl_1/new_top.bit} [get_hw_devices xc7a100t_0]
program_hw_devices [get_hw_devices xc7a100t_0]
INFO: [Labtools 27-3164] End of startup status: HIGH
refresh_hw_device [lindex [get_hw_devices xc7a100t_0] 0]
INFO: [Labtools 27-1434] Device xc7a100t (JTAG device index = 0) is programmed with a design that has no supported debug core(s) in it.
set_property PROBES.FILE {} [get_hw_devices xc7a100t_0]
set_property FULL_PROBES.FILE {} [get_hw_devices xc7a100t_0]
set_property PROGRAM.FILE {C:/Users/XTYAO/Desktop/551Final/EC551Project/LASTONE/LASTONE.runs/impl_1/new_top.bit} [get_hw_devices xc7a100t_0]
program_hw_devices [get_hw_devices xc7a100t_0]
INFO: [Labtools 27-3164] End of startup status: HIGH
refresh_hw_device [lindex [get_hw_devices xc7a100t_0] 0]
INFO: [Labtools 27-1434] Device xc7a100t (JTAG device index = 0) is programmed with a design that has no supported debug core(s) in it.
WARNING: [filemgmt 56-199] Attempt to get parsing info during refresh. "On-the-fly" syntax checking information may be incorrect. [C:\Users\XTYAO\Desktop\551Final\EC551Project\LASTONE\Block_Rom.v:]
WARNING: [filemgmt 56-199] Attempt to get parsing info during refresh. "On-the-fly" syntax checking information may be incorrect. [C:\Users\XTYAO\Desktop\551Final\EC551Project\LASTONE\new_top.v:]
WARNING: [filemgmt 56-199] Attempt to get parsing info during refresh. "On-the-fly" syntax checking information may be incorrect. [C:\Users\XTYAO\Desktop\551Final\EC551Project\LASTONE\sobel.v:]
WARNING: [filemgmt 56-199] Attempt to get parsing info during refresh. "On-the-fly" syntax checking information may be incorrect. [c:\Users\XTYAO\Desktop\551Final\EC551Project\LASTONE\LASTONE.gen\sources_1\bd\BRAM\synth\BRAM.v:]
WARNING: [filemgmt 56-199] Attempt to get parsing info during refresh. "On-the-fly" syntax checking information may be incorrect. [C:\Users\XTYAO\Desktop\551Final\EC551Project\LASTONE\Block_Rom.v:]
WARNING: [filemgmt 56-199] Attempt to get parsing info during refresh. "On-the-fly" syntax checking information may be incorrect. [C:\Users\XTYAO\Desktop\551Final\EC551Project\LASTONE\new_top.v:]
WARNING: [filemgmt 56-199] Attempt to get parsing info during refresh. "On-the-fly" syntax checking information may be incorrect. [C:\Users\XTYAO\Desktop\551Final\EC551Project\LASTONE\sobel.v:]
WARNING: [filemgmt 56-199] Attempt to get parsing info during refresh. "On-the-fly" syntax checking information may be incorrect. [c:\Users\XTYAO\Desktop\551Final\EC551Project\LASTONE\LASTONE.gen\sources_1\bd\BRAM\synth\BRAM.v:]
ERROR: [Common 17-180] Spawn failed: No error
WARNING: [filemgmt 56-199] Attempt to get parsing info during refresh. "On-the-fly" syntax checking information may be incorrect. [C:\Users\XTYAO\Desktop\551Final\EC551Project\LASTONE\Block_Rom.v:]
WARNING: [filemgmt 56-199] Attempt to get parsing info during refresh. "On-the-fly" syntax checking information may be incorrect. [C:\Users\XTYAO\Desktop\551Final\EC551Project\LASTONE\new_top.v:]
WARNING: [filemgmt 56-199] Attempt to get parsing info during refresh. "On-the-fly" syntax checking information may be incorrect. [C:\Users\XTYAO\Desktop\551Final\EC551Project\LASTONE\sobel.v:]
WARNING: [filemgmt 56-199] Attempt to get parsing info during refresh. "On-the-fly" syntax checking information may be incorrect. [c:\Users\XTYAO\Desktop\551Final\EC551Project\LASTONE\LASTONE.gen\sources_1\bd\BRAM\synth\BRAM.v:]
ERROR: [Common 17-180] Spawn failed: No error
reset_run synth_1
INFO: [Project 1-1161] Replacing file C:/Users/XTYAO/Desktop/551Final/EC551Project/LASTONE/LASTONE.srcs/utils_1/imports/synth_1/new_top.dcp with file C:/Users/XTYAO/Desktop/551Final/EC551Project/LASTONE/LASTONE.runs/synth_1/new_top.dcp
WARNING: [filemgmt 56-199] Attempt to get parsing info during refresh. "On-the-fly" syntax checking information may be incorrect. [C:\Users\XTYAO\Desktop\551Final\EC551Project\LASTONE\Block_Rom.v:]
WARNING: [filemgmt 56-199] Attempt to get parsing info during refresh. "On-the-fly" syntax checking information may be incorrect. [C:\Users\XTYAO\Desktop\551Final\EC551Project\LASTONE\new_top.v:]
WARNING: [filemgmt 56-199] Attempt to get parsing info during refresh. "On-the-fly" syntax checking information may be incorrect. [C:\Users\XTYAO\Desktop\551Final\EC551Project\LASTONE\sobel.v:]
WARNING: [filemgmt 56-199] Attempt to get parsing info during refresh. "On-the-fly" syntax checking information may be incorrect. [c:\Users\XTYAO\Desktop\551Final\EC551Project\LASTONE\LASTONE.gen\sources_1\bd\BRAM\synth\BRAM.v:]
WARNING: [filemgmt 56-199] Attempt to get parsing info during refresh. "On-the-fly" syntax checking information may be incorrect. [C:\Users\XTYAO\Desktop\551Final\EC551Project\LASTONE\Block_Rom.v:]
WARNING: [filemgmt 56-199] Attempt to get parsing info during refresh. "On-the-fly" syntax checking information may be incorrect. [C:\Users\XTYAO\Desktop\551Final\EC551Project\LASTONE\new_top.v:]
WARNING: [filemgmt 56-199] Attempt to get parsing info during refresh. "On-the-fly" syntax checking information may be incorrect. [C:\Users\XTYAO\Desktop\551Final\EC551Project\LASTONE\sobel.v:]
WARNING: [filemgmt 56-199] Attempt to get parsing info during refresh. "On-the-fly" syntax checking information may be incorrect. [c:\Users\XTYAO\Desktop\551Final\EC551Project\LASTONE\LASTONE.gen\sources_1\bd\BRAM\synth\BRAM.v:]
launch_runs impl_1 -to_step write_bitstream -jobs 16
[Tue Dec 12 17:24:46 2023] Launched synth_1...
Run output will be captured here: C:/Users/XTYAO/Desktop/551Final/EC551Project/LASTONE/LASTONE.runs/synth_1/runme.log
[Tue Dec 12 17:24:46 2023] Launched impl_1...
Run output will be captured here: C:/Users/XTYAO/Desktop/551Final/EC551Project/LASTONE/LASTONE.runs/impl_1/runme.log
ERROR: [Common 17-180] Spawn failed: No error
WARNING: [filemgmt 56-199] Attempt to get parsing info during refresh. "On-the-fly" syntax checking information may be incorrect. [C:\Users\XTYAO\Desktop\551Final\EC551Project\LASTONE\Block_Rom.v:]
WARNING: [filemgmt 56-199] Attempt to get parsing info during refresh. "On-the-fly" syntax checking information may be incorrect. [C:\Users\XTYAO\Desktop\551Final\EC551Project\LASTONE\new_top.v:]
WARNING: [filemgmt 56-199] Attempt to get parsing info during refresh. "On-the-fly" syntax checking information may be incorrect. [C:\Users\XTYAO\Desktop\551Final\EC551Project\LASTONE\sobel.v:]
WARNING: [filemgmt 56-199] Attempt to get parsing info during refresh. "On-the-fly" syntax checking information may be incorrect. [c:\Users\XTYAO\Desktop\551Final\EC551Project\LASTONE\LASTONE.gen\sources_1\bd\BRAM\synth\BRAM.v:]
ERROR: [Common 17-180] Spawn failed: No error
set_property PROBES.FILE {} [get_hw_devices xc7a100t_0]
set_property FULL_PROBES.FILE {} [get_hw_devices xc7a100t_0]
set_property PROGRAM.FILE {C:/Users/XTYAO/Desktop/551Final/EC551Project/LASTONE/LASTONE.runs/impl_1/new_top.bit} [get_hw_devices xc7a100t_0]
program_hw_devices [get_hw_devices xc7a100t_0]
INFO: [Labtools 27-3164] End of startup status: HIGH
refresh_hw_device [lindex [get_hw_devices xc7a100t_0] 0]
INFO: [Labtools 27-1434] Device xc7a100t (JTAG device index = 0) is programmed with a design that has no supported debug core(s) in it.
set_property PROBES.FILE {} [get_hw_devices xc7a100t_0]
set_property FULL_PROBES.FILE {} [get_hw_devices xc7a100t_0]
set_property PROGRAM.FILE {C:/Users/XTYAO/Desktop/551Final/EC551Project/LASTONE/LASTONE.runs/impl_1/new_top.bit} [get_hw_devices xc7a100t_0]
program_hw_devices [get_hw_devices xc7a100t_0]
INFO: [Labtools 27-3164] End of startup status: HIGH
refresh_hw_device [lindex [get_hw_devices xc7a100t_0] 0]
INFO: [Labtools 27-1434] Device xc7a100t (JTAG device index = 0) is programmed with a design that has no supported debug core(s) in it.
WARNING: [filemgmt 56-199] Attempt to get parsing info during refresh. "On-the-fly" syntax checking information may be incorrect. [C:\Users\XTYAO\Desktop\551Final\EC551Project\LASTONE\Block_Rom.v:]
WARNING: [filemgmt 56-199] Attempt to get parsing info during refresh. "On-the-fly" syntax checking information may be incorrect. [C:\Users\XTYAO\Desktop\551Final\EC551Project\LASTONE\new_top.v:]
WARNING: [filemgmt 56-199] Attempt to get parsing info during refresh. "On-the-fly" syntax checking information may be incorrect. [C:\Users\XTYAO\Desktop\551Final\EC551Project\LASTONE\sobel.v:]
WARNING: [filemgmt 56-199] Attempt to get parsing info during refresh. "On-the-fly" syntax checking information may be incorrect. [c:\Users\XTYAO\Desktop\551Final\EC551Project\LASTONE\LASTONE.gen\sources_1\bd\BRAM\synth\BRAM.v:]
WARNING: [filemgmt 56-199] Attempt to get parsing info during refresh. "On-the-fly" syntax checking information may be incorrect. [C:\Users\XTYAO\Desktop\551Final\EC551Project\LASTONE\Block_Rom.v:]
WARNING: [filemgmt 56-199] Attempt to get parsing info during refresh. "On-the-fly" syntax checking information may be incorrect. [C:\Users\XTYAO\Desktop\551Final\EC551Project\LASTONE\new_top.v:]
WARNING: [filemgmt 56-199] Attempt to get parsing info during refresh. "On-the-fly" syntax checking information may be incorrect. [C:\Users\XTYAO\Desktop\551Final\EC551Project\LASTONE\sobel.v:]
WARNING: [filemgmt 56-199] Attempt to get parsing info during refresh. "On-the-fly" syntax checking information may be incorrect. [c:\Users\XTYAO\Desktop\551Final\EC551Project\LASTONE\LASTONE.gen\sources_1\bd\BRAM\synth\BRAM.v:]
ERROR: [Common 17-180] Spawn failed: No error
WARNING: [filemgmt 56-199] Attempt to get parsing info during refresh. "On-the-fly" syntax checking information may be incorrect. [C:\Users\XTYAO\Desktop\551Final\EC551Project\LASTONE\Block_Rom.v:]
WARNING: [filemgmt 56-199] Attempt to get parsing info during refresh. "On-the-fly" syntax checking information may be incorrect. [C:\Users\XTYAO\Desktop\551Final\EC551Project\LASTONE\new_top.v:]
WARNING: [filemgmt 56-199] Attempt to get parsing info during refresh. "On-the-fly" syntax checking information may be incorrect. [C:\Users\XTYAO\Desktop\551Final\EC551Project\LASTONE\sobel.v:]
WARNING: [filemgmt 56-199] Attempt to get parsing info during refresh. "On-the-fly" syntax checking information may be incorrect. [c:\Users\XTYAO\Desktop\551Final\EC551Project\LASTONE\LASTONE.gen\sources_1\bd\BRAM\synth\BRAM.v:]
ERROR: [Common 17-180] Spawn failed: No error
reset_run synth_1
INFO: [Project 1-1161] Replacing file C:/Users/XTYAO/Desktop/551Final/EC551Project/LASTONE/LASTONE.srcs/utils_1/imports/synth_1/new_top.dcp with file C:/Users/XTYAO/Desktop/551Final/EC551Project/LASTONE/LASTONE.runs/synth_1/new_top.dcp
launch_runs impl_1 -to_step write_bitstream -jobs 16
[Tue Dec 12 17:31:44 2023] Launched synth_1...
Run output will be captured here: C:/Users/XTYAO/Desktop/551Final/EC551Project/LASTONE/LASTONE.runs/synth_1/runme.log
[Tue Dec 12 17:31:44 2023] Launched impl_1...
Run output will be captured here: C:/Users/XTYAO/Desktop/551Final/EC551Project/LASTONE/LASTONE.runs/impl_1/runme.log
WARNING: [filemgmt 56-199] Attempt to get parsing info during refresh. "On-the-fly" syntax checking information may be incorrect. [C:\Users\XTYAO\Desktop\551Final\EC551Project\LASTONE\Block_Rom.v:]
WARNING: [filemgmt 56-199] Attempt to get parsing info during refresh. "On-the-fly" syntax checking information may be incorrect. [C:\Users\XTYAO\Desktop\551Final\EC551Project\LASTONE\new_top.v:]
WARNING: [filemgmt 56-199] Attempt to get parsing info during refresh. "On-the-fly" syntax checking information may be incorrect. [C:\Users\XTYAO\Desktop\551Final\EC551Project\LASTONE\sobel.v:]
WARNING: [filemgmt 56-199] Attempt to get parsing info during refresh. "On-the-fly" syntax checking information may be incorrect. [c:\Users\XTYAO\Desktop\551Final\EC551Project\LASTONE\LASTONE.gen\sources_1\bd\BRAM\synth\BRAM.v:]
WARNING: [filemgmt 56-199] Attempt to get parsing info during refresh. "On-the-fly" syntax checking information may be incorrect. [C:\Users\XTYAO\Desktop\551Final\EC551Project\LASTONE\Block_Rom.v:]
WARNING: [filemgmt 56-199] Attempt to get parsing info during refresh. "On-the-fly" syntax checking information may be incorrect. [C:\Users\XTYAO\Desktop\551Final\EC551Project\LASTONE\new_top.v:]
WARNING: [filemgmt 56-199] Attempt to get parsing info during refresh. "On-the-fly" syntax checking information may be incorrect. [C:\Users\XTYAO\Desktop\551Final\EC551Project\LASTONE\sobel.v:]
WARNING: [filemgmt 56-199] Attempt to get parsing info during refresh. "On-the-fly" syntax checking information may be incorrect. [c:\Users\XTYAO\Desktop\551Final\EC551Project\LASTONE\LASTONE.gen\sources_1\bd\BRAM\synth\BRAM.v:]
ERROR: [Common 17-180] Spawn failed: No error
WARNING: [filemgmt 56-199] Attempt to get parsing info during refresh. "On-the-fly" syntax checking information may be incorrect. [C:\Users\XTYAO\Desktop\551Final\EC551Project\LASTONE\Block_Rom.v:]
WARNING: [filemgmt 56-199] Attempt to get parsing info during refresh. "On-the-fly" syntax checking information may be incorrect. [C:\Users\XTYAO\Desktop\551Final\EC551Project\LASTONE\new_top.v:]
WARNING: [filemgmt 56-199] Attempt to get parsing info during refresh. "On-the-fly" syntax checking information may be incorrect. [C:\Users\XTYAO\Desktop\551Final\EC551Project\LASTONE\sobel.v:]
WARNING: [filemgmt 56-199] Attempt to get parsing info during refresh. "On-the-fly" syntax checking information may be incorrect. [c:\Users\XTYAO\Desktop\551Final\EC551Project\LASTONE\LASTONE.gen\sources_1\bd\BRAM\synth\BRAM.v:]
ERROR: [Common 17-180] Spawn failed: No error
set_property PROBES.FILE {} [get_hw_devices xc7a100t_0]
set_property FULL_PROBES.FILE {} [get_hw_devices xc7a100t_0]
set_property PROGRAM.FILE {C:/Users/XTYAO/Desktop/551Final/EC551Project/LASTONE/LASTONE.runs/impl_1/new_top.bit} [get_hw_devices xc7a100t_0]
program_hw_devices [get_hw_devices xc7a100t_0]
INFO: [Labtools 27-3164] End of startup status: HIGH
refresh_hw_device [lindex [get_hw_devices xc7a100t_0] 0]
INFO: [Labtools 27-1434] Device xc7a100t (JTAG device index = 0) is programmed with a design that has no supported debug core(s) in it.
WARNING: [filemgmt 56-199] Attempt to get parsing info during refresh. "On-the-fly" syntax checking information may be incorrect. [C:\Users\XTYAO\Desktop\551Final\EC551Project\LASTONE\Block_Rom.v:]
WARNING: [filemgmt 56-199] Attempt to get parsing info during refresh. "On-the-fly" syntax checking information may be incorrect. [C:\Users\XTYAO\Desktop\551Final\EC551Project\LASTONE\new_top.v:]
WARNING: [filemgmt 56-199] Attempt to get parsing info during refresh. "On-the-fly" syntax checking information may be incorrect. [C:\Users\XTYAO\Desktop\551Final\EC551Project\LASTONE\sobel.v:]
WARNING: [filemgmt 56-199] Attempt to get parsing info during refresh. "On-the-fly" syntax checking information may be incorrect. [c:\Users\XTYAO\Desktop\551Final\EC551Project\LASTONE\LASTONE.gen\sources_1\bd\BRAM\synth\BRAM.v:]
WARNING: [filemgmt 56-199] Attempt to get parsing info during refresh. "On-the-fly" syntax checking information may be incorrect. [C:\Users\XTYAO\Desktop\551Final\EC551Project\LASTONE\Block_Rom.v:]
WARNING: [filemgmt 56-199] Attempt to get parsing info during refresh. "On-the-fly" syntax checking information may be incorrect. [C:\Users\XTYAO\Desktop\551Final\EC551Project\LASTONE\new_top.v:]
WARNING: [filemgmt 56-199] Attempt to get parsing info during refresh. "On-the-fly" syntax checking information may be incorrect. [C:\Users\XTYAO\Desktop\551Final\EC551Project\LASTONE\sobel.v:]
WARNING: [filemgmt 56-199] Attempt to get parsing info during refresh. "On-the-fly" syntax checking information may be incorrect. [c:\Users\XTYAO\Desktop\551Final\EC551Project\LASTONE\LASTONE.gen\sources_1\bd\BRAM\synth\BRAM.v:]
ERROR: [Common 17-180] Spawn failed: No error
WARNING: [filemgmt 56-199] Attempt to get parsing info during refresh. "On-the-fly" syntax checking information may be incorrect. [C:\Users\XTYAO\Desktop\551Final\EC551Project\LASTONE\Block_Rom.v:]
WARNING: [filemgmt 56-199] Attempt to get parsing info during refresh. "On-the-fly" syntax checking information may be incorrect. [C:\Users\XTYAO\Desktop\551Final\EC551Project\LASTONE\new_top.v:]
WARNING: [filemgmt 56-199] Attempt to get parsing info during refresh. "On-the-fly" syntax checking information may be incorrect. [C:\Users\XTYAO\Desktop\551Final\EC551Project\LASTONE\sobel.v:]
WARNING: [filemgmt 56-199] Attempt to get parsing info during refresh. "On-the-fly" syntax checking information may be incorrect. [c:\Users\XTYAO\Desktop\551Final\EC551Project\LASTONE\LASTONE.gen\sources_1\bd\BRAM\synth\BRAM.v:]
ERROR: [Common 17-180] Spawn failed: No error
WARNING: [filemgmt 56-199] Attempt to get parsing info during refresh. "On-the-fly" syntax checking information may be incorrect. [C:\Users\XTYAO\Desktop\551Final\EC551Project\LASTONE\Block_Rom.v:]
WARNING: [filemgmt 56-199] Attempt to get parsing info during refresh. "On-the-fly" syntax checking information may be incorrect. [C:\Users\XTYAO\Desktop\551Final\EC551Project\LASTONE\new_top.v:]
WARNING: [filemgmt 56-199] Attempt to get parsing info during refresh. "On-the-fly" syntax checking information may be incorrect. [C:\Users\XTYAO\Desktop\551Final\EC551Project\LASTONE\sobel.v:]
WARNING: [filemgmt 56-199] Attempt to get parsing info during refresh. "On-the-fly" syntax checking information may be incorrect. [c:\Users\XTYAO\Desktop\551Final\EC551Project\LASTONE\LASTONE.gen\sources_1\bd\BRAM\synth\BRAM.v:]
WARNING: [filemgmt 56-199] Attempt to get parsing info during refresh. "On-the-fly" syntax checking information may be incorrect. [C:\Users\XTYAO\Desktop\551Final\EC551Project\LASTONE\Block_Rom.v:]
WARNING: [filemgmt 56-199] Attempt to get parsing info during refresh. "On-the-fly" syntax checking information may be incorrect. [C:\Users\XTYAO\Desktop\551Final\EC551Project\LASTONE\new_top.v:]
WARNING: [filemgmt 56-199] Attempt to get parsing info during refresh. "On-the-fly" syntax checking information may be incorrect. [C:\Users\XTYAO\Desktop\551Final\EC551Project\LASTONE\sobel.v:]
WARNING: [filemgmt 56-199] Attempt to get parsing info during refresh. "On-the-fly" syntax checking information may be incorrect. [c:\Users\XTYAO\Desktop\551Final\EC551Project\LASTONE\LASTONE.gen\sources_1\bd\BRAM\synth\BRAM.v:]
ERROR: [Common 17-180] Spawn failed: No error
WARNING: [filemgmt 56-199] Attempt to get parsing info during refresh. "On-the-fly" syntax checking information may be incorrect. [C:\Users\XTYAO\Desktop\551Final\EC551Project\LASTONE\Block_Rom.v:]
WARNING: [filemgmt 56-199] Attempt to get parsing info during refresh. "On-the-fly" syntax checking information may be incorrect. [C:\Users\XTYAO\Desktop\551Final\EC551Project\LASTONE\new_top.v:]
WARNING: [filemgmt 56-199] Attempt to get parsing info during refresh. "On-the-fly" syntax checking information may be incorrect. [C:\Users\XTYAO\Desktop\551Final\EC551Project\LASTONE\sobel.v:]
WARNING: [filemgmt 56-199] Attempt to get parsing info during refresh. "On-the-fly" syntax checking information may be incorrect. [c:\Users\XTYAO\Desktop\551Final\EC551Project\LASTONE\LASTONE.gen\sources_1\bd\BRAM\synth\BRAM.v:]
ERROR: [Common 17-180] Spawn failed: No error
WARNING: [filemgmt 56-199] Attempt to get parsing info during refresh. "On-the-fly" syntax checking information may be incorrect. [C:\Users\XTYAO\Desktop\551Final\EC551Project\LASTONE\Block_Rom.v:]
WARNING: [filemgmt 56-199] Attempt to get parsing info during refresh. "On-the-fly" syntax checking information may be incorrect. [C:\Users\XTYAO\Desktop\551Final\EC551Project\LASTONE\new_top.v:]
WARNING: [filemgmt 56-199] Attempt to get parsing info during refresh. "On-the-fly" syntax checking information may be incorrect. [C:\Users\XTYAO\Desktop\551Final\EC551Project\LASTONE\sobel.v:]
WARNING: [filemgmt 56-199] Attempt to get parsing info during refresh. "On-the-fly" syntax checking information may be incorrect. [C:\Users\XTYAO\Desktop\551Final\EC551Project\LASTONE\Block_Rom.v:]
WARNING: [filemgmt 56-199] Attempt to get parsing info during refresh. "On-the-fly" syntax checking information may be incorrect. [C:\Users\XTYAO\Desktop\551Final\EC551Project\LASTONE\new_top.v:]
WARNING: [filemgmt 56-199] Attempt to get parsing info during refresh. "On-the-fly" syntax checking information may be incorrect. [C:\Users\XTYAO\Desktop\551Final\EC551Project\LASTONE\sobel.v:]
reset_run synth_1
INFO: [Project 1-1161] Replacing file C:/Users/XTYAO/Desktop/551Final/EC551Project/LASTONE/LASTONE.srcs/utils_1/imports/synth_1/new_top.dcp with file C:/Users/XTYAO/Desktop/551Final/EC551Project/LASTONE/LASTONE.runs/synth_1/new_top.dcp
WARNING: [filemgmt 56-199] Attempt to get parsing info during refresh. "On-the-fly" syntax checking information may be incorrect. [C:\Users\XTYAO\Desktop\551Final\EC551Project\LASTONE\Block_Rom.v:]
WARNING: [filemgmt 56-199] Attempt to get parsing info during refresh. "On-the-fly" syntax checking information may be incorrect. [C:\Users\XTYAO\Desktop\551Final\EC551Project\LASTONE\new_top.v:]
WARNING: [filemgmt 56-199] Attempt to get parsing info during refresh. "On-the-fly" syntax checking information may be incorrect. [C:\Users\XTYAO\Desktop\551Final\EC551Project\LASTONE\sobel.v:]
WARNING: [filemgmt 56-199] Attempt to get parsing info during refresh. "On-the-fly" syntax checking information may be incorrect. [C:\Users\XTYAO\Desktop\551Final\EC551Project\LASTONE\Block_Rom.v:]
WARNING: [filemgmt 56-199] Attempt to get parsing info during refresh. "On-the-fly" syntax checking information may be incorrect. [C:\Users\XTYAO\Desktop\551Final\EC551Project\LASTONE\new_top.v:]
WARNING: [filemgmt 56-199] Attempt to get parsing info during refresh. "On-the-fly" syntax checking information may be incorrect. [C:\Users\XTYAO\Desktop\551Final\EC551Project\LASTONE\sobel.v:]
WARNING: [filemgmt 56-199] Attempt to get parsing info during refresh. "On-the-fly" syntax checking information may be incorrect. [C:\Users\XTYAO\Desktop\551Final\EC551Project\LASTONE\Block_Rom.v:]
WARNING: [filemgmt 56-199] Attempt to get parsing info during refresh. "On-the-fly" syntax checking information may be incorrect. [C:\Users\XTYAO\Desktop\551Final\EC551Project\LASTONE\new_top.v:]
WARNING: [filemgmt 56-199] Attempt to get parsing info during refresh. "On-the-fly" syntax checking information may be incorrect. [C:\Users\XTYAO\Desktop\551Final\EC551Project\LASTONE\sobel.v:]
WARNING: [filemgmt 56-199] Attempt to get parsing info during refresh. "On-the-fly" syntax checking information may be incorrect. [C:\Users\XTYAO\Desktop\551Final\EC551Project\LASTONE\Block_Rom.v:]
WARNING: [filemgmt 56-199] Attempt to get parsing info during refresh. "On-the-fly" syntax checking information may be incorrect. [C:\Users\XTYAO\Desktop\551Final\EC551Project\LASTONE\new_top.v:]
WARNING: [filemgmt 56-199] Attempt to get parsing info during refresh. "On-the-fly" syntax checking information may be incorrect. [C:\Users\XTYAO\Desktop\551Final\EC551Project\LASTONE\sobel.v:]
WARNING: [filemgmt 56-199] Attempt to get parsing info during refresh. "On-the-fly" syntax checking information may be incorrect. [C:\Users\XTYAO\Desktop\551Final\EC551Project\LASTONE\Block_Rom.v:]
WARNING: [filemgmt 56-199] Attempt to get parsing info during refresh. "On-the-fly" syntax checking information may be incorrect. [C:\Users\XTYAO\Desktop\551Final\EC551Project\LASTONE\new_top.v:]
WARNING: [filemgmt 56-199] Attempt to get parsing info during refresh. "On-the-fly" syntax checking information may be incorrect. [C:\Users\XTYAO\Desktop\551Final\EC551Project\LASTONE\sobel.v:]
WARNING: [filemgmt 56-199] Attempt to get parsing info during refresh. "On-the-fly" syntax checking information may be incorrect. [C:\Users\XTYAO\Desktop\551Final\EC551Project\LASTONE\Block_Rom.v:]
WARNING: [filemgmt 56-199] Attempt to get parsing info during refresh. "On-the-fly" syntax checking information may be incorrect. [C:\Users\XTYAO\Desktop\551Final\EC551Project\LASTONE\new_top.v:]
WARNING: [filemgmt 56-199] Attempt to get parsing info during refresh. "On-the-fly" syntax checking information may be incorrect. [C:\Users\XTYAO\Desktop\551Final\EC551Project\LASTONE\sobel.v:]
launch_runs impl_1 -to_step write_bitstream -jobs 16
[Tue Dec 12 17:40:06 2023] Launched synth_1...
Run output will be captured here: C:/Users/XTYAO/Desktop/551Final/EC551Project/LASTONE/LASTONE.runs/synth_1/runme.log
[Tue Dec 12 17:40:06 2023] Launched impl_1...
Run output will be captured here: C:/Users/XTYAO/Desktop/551Final/EC551Project/LASTONE/LASTONE.runs/impl_1/runme.log
WARNING: [filemgmt 56-199] Attempt to get parsing info during refresh. "On-the-fly" syntax checking information may be incorrect. [C:\Users\XTYAO\Desktop\551Final\EC551Project\LASTONE\Block_Rom.v:]
WARNING: [filemgmt 56-199] Attempt to get parsing info during refresh. "On-the-fly" syntax checking information may be incorrect. [C:\Users\XTYAO\Desktop\551Final\EC551Project\LASTONE\new_top.v:]
WARNING: [filemgmt 56-199] Attempt to get parsing info during refresh. "On-the-fly" syntax checking information may be incorrect. [C:\Users\XTYAO\Desktop\551Final\EC551Project\LASTONE\sobel.v:]
ERROR: [Common 17-180] Spawn failed: No error
reset_run impl_1
WARNING: [filemgmt 56-199] Attempt to get parsing info during refresh. "On-the-fly" syntax checking information may be incorrect. [C:\Users\XTYAO\Desktop\551Final\EC551Project\LASTONE\Block_Rom.v:]
WARNING: [filemgmt 56-199] Attempt to get parsing info during refresh. "On-the-fly" syntax checking information may be incorrect. [C:\Users\XTYAO\Desktop\551Final\EC551Project\LASTONE\new_top.v:]
WARNING: [filemgmt 56-199] Attempt to get parsing info during refresh. "On-the-fly" syntax checking information may be incorrect. [C:\Users\XTYAO\Desktop\551Final\EC551Project\LASTONE\sobel.v:]
WARNING: [filemgmt 56-199] Attempt to get parsing info during refresh. "On-the-fly" syntax checking information may be incorrect. [C:\Users\XTYAO\Desktop\551Final\EC551Project\LASTONE\Block_Rom.v:]
WARNING: [filemgmt 56-199] Attempt to get parsing info during refresh. "On-the-fly" syntax checking information may be incorrect. [C:\Users\XTYAO\Desktop\551Final\EC551Project\LASTONE\new_top.v:]
WARNING: [filemgmt 56-199] Attempt to get parsing info during refresh. "On-the-fly" syntax checking information may be incorrect. [C:\Users\XTYAO\Desktop\551Final\EC551Project\LASTONE\sobel.v:]
reset_run synth_1
INFO: [Project 1-1161] Replacing file C:/Users/XTYAO/Desktop/551Final/EC551Project/LASTONE/LASTONE.srcs/utils_1/imports/synth_1/new_top.dcp with file C:/Users/XTYAO/Desktop/551Final/EC551Project/LASTONE/LASTONE.runs/synth_1/new_top.dcp
WARNING: [filemgmt 56-199] Attempt to get parsing info during refresh. "On-the-fly" syntax checking information may be incorrect. [C:\Users\XTYAO\Desktop\551Final\EC551Project\LASTONE\Block_Rom.v:]
WARNING: [filemgmt 56-199] Attempt to get parsing info during refresh. "On-the-fly" syntax checking information may be incorrect. [C:\Users\XTYAO\Desktop\551Final\EC551Project\LASTONE\new_top.v:]
WARNING: [filemgmt 56-199] Attempt to get parsing info during refresh. "On-the-fly" syntax checking information may be incorrect. [C:\Users\XTYAO\Desktop\551Final\EC551Project\LASTONE\sobel.v:]
WARNING: [filemgmt 56-199] Attempt to get parsing info during refresh. "On-the-fly" syntax checking information may be incorrect. [C:\Users\XTYAO\Desktop\551Final\EC551Project\LASTONE\Block_Rom.v:]
WARNING: [filemgmt 56-199] Attempt to get parsing info during refresh. "On-the-fly" syntax checking information may be incorrect. [C:\Users\XTYAO\Desktop\551Final\EC551Project\LASTONE\new_top.v:]
WARNING: [filemgmt 56-199] Attempt to get parsing info during refresh. "On-the-fly" syntax checking information may be incorrect. [C:\Users\XTYAO\Desktop\551Final\EC551Project\LASTONE\sobel.v:]
launch_runs impl_1 -to_step write_bitstream -jobs 16
[Tue Dec 12 17:41:26 2023] Launched synth_1...
Run output will be captured here: C:/Users/XTYAO/Desktop/551Final/EC551Project/LASTONE/LASTONE.runs/synth_1/runme.log
[Tue Dec 12 17:41:26 2023] Launched impl_1...
Run output will be captured here: C:/Users/XTYAO/Desktop/551Final/EC551Project/LASTONE/LASTONE.runs/impl_1/runme.log
set_property PROBES.FILE {} [get_hw_devices xc7a100t_0]
set_property FULL_PROBES.FILE {} [get_hw_devices xc7a100t_0]
set_property PROGRAM.FILE {C:/Users/XTYAO/Desktop/551Final/EC551Project/LASTONE/LASTONE.runs/impl_1/new_top.bit} [get_hw_devices xc7a100t_0]
program_hw_devices [get_hw_devices xc7a100t_0]
INFO: [Labtools 27-3164] End of startup status: HIGH
refresh_hw_device [lindex [get_hw_devices xc7a100t_0] 0]
INFO: [Labtools 27-1434] Device xc7a100t (JTAG device index = 0) is programmed with a design that has no supported debug core(s) in it.
close_hw_manager
exit
INFO: [Common 17-206] Exiting Vivado at Tue Dec 12 17:53:27 2023...
